{"C:\\Users\\Amand\\OneDrive\\Documents\\JHU-undergrad\\Senior Year\\Senior Spring\\OOSE\\oose attempts bruh\\team-05\\api\\prisma\\db.ts": {"path":"C:\\Users\\Amand\\OneDrive\\Documents\\JHU-undergrad\\Senior Year\\Senior Spring\\OOSE\\oose attempts bruh\\team-05\\api\\prisma\\db.ts","all":false,"statementMap":{"0":{"start":{"line":1,"column":0},"end":{"line":1,"column":46}},"2":{"start":{"line":3,"column":0},"end":{"line":3,"column":41}}},"s":{"0":1,"2":1},"branchMap":{},"b":{},"fnMap":{},"f":{}}
,"C:\\Users\\Amand\\OneDrive\\Documents\\JHU-undergrad\\Senior Year\\Senior Spring\\OOSE\\oose attempts bruh\\team-05\\api\\prisma\\seed.ts": {"path":"C:\\Users\\Amand\\OneDrive\\Documents\\JHU-undergrad\\Senior Year\\Senior Spring\\OOSE\\oose attempts bruh\\team-05\\api\\prisma\\seed.ts","all":false,"statementMap":{"1":{"start":{"line":2,"column":0},"end":{"line":2,"column":46}},"2":{"start":{"line":3,"column":0},"end":{"line":3,"column":54}},"3":{"start":{"line":4,"column":0},"end":{"line":4,"column":68}},"6":{"start":{"line":7,"column":0},"end":{"line":7,"column":34}},"8":{"start":{"line":9,"column":0},"end":{"line":9,"column":17}},"9":{"start":{"line":10,"column":0},"end":{"line":10,"column":16}},"10":{"start":{"line":11,"column":0},"end":{"line":11,"column":20}},"11":{"start":{"line":12,"column":0},"end":{"line":12,"column":16}},"14":{"start":{"line":15,"column":0},"end":{"line":15,"column":12}},"15":{"start":{"line":16,"column":0},"end":{"line":16,"column":18}},"16":{"start":{"line":17,"column":0},"end":{"line":17,"column":24}},"17":{"start":{"line":18,"column":0},"end":{"line":18,"column":20}},"18":{"start":{"line":19,"column":0},"end":{"line":19,"column":26}},"21":{"start":{"line":22,"column":0},"end":{"line":22,"column":14}},"22":{"start":{"line":23,"column":0},"end":{"line":23,"column":22}},"23":{"start":{"line":24,"column":0},"end":{"line":24,"column":22}},"24":{"start":{"line":25,"column":0},"end":{"line":25,"column":22}},"25":{"start":{"line":26,"column":0},"end":{"line":26,"column":20}},"26":{"start":{"line":27,"column":0},"end":{"line":27,"column":24}},"27":{"start":{"line":28,"column":0},"end":{"line":28,"column":20}},"28":{"start":{"line":29,"column":0},"end":{"line":29,"column":34}},"29":{"start":{"line":30,"column":0},"end":{"line":30,"column":24}},"32":{"start":{"line":33,"column":0},"end":{"line":33,"column":56}},"34":{"start":{"line":35,"column":0},"end":{"line":35,"column":22}},"35":{"start":{"line":36,"column":0},"end":{"line":36,"column":13}},"36":{"start":{"line":37,"column":0},"end":{"line":37,"column":24}},"37":{"start":{"line":38,"column":0},"end":{"line":38,"column":30}},"38":{"start":{"line":39,"column":0},"end":{"line":39,"column":31}},"39":{"start":{"line":40,"column":0},"end":{"line":40,"column":25}},"40":{"start":{"line":41,"column":0},"end":{"line":41,"column":11}},"41":{"start":{"line":42,"column":0},"end":{"line":42,"column":2}},"43":{"start":{"line":44,"column":0},"end":{"line":44,"column":20}},"44":{"start":{"line":45,"column":0},"end":{"line":45,"column":98}},"45":{"start":{"line":46,"column":0},"end":{"line":46,"column":144}},"46":{"start":{"line":47,"column":0},"end":{"line":47,"column":85}},"47":{"start":{"line":48,"column":0},"end":{"line":48,"column":99}},"48":{"start":{"line":49,"column":0},"end":{"line":49,"column":151}},"49":{"start":{"line":50,"column":0},"end":{"line":50,"column":87}},"50":{"start":{"line":51,"column":0},"end":{"line":51,"column":83}},"52":{"start":{"line":53,"column":0},"end":{"line":53,"column":72}},"53":{"start":{"line":54,"column":0},"end":{"line":54,"column":117}},"54":{"start":{"line":55,"column":0},"end":{"line":55,"column":75}},"55":{"start":{"line":56,"column":0},"end":{"line":56,"column":88}},"56":{"start":{"line":57,"column":0},"end":{"line":57,"column":97}},"57":{"start":{"line":58,"column":0},"end":{"line":58,"column":76}},"58":{"start":{"line":59,"column":0},"end":{"line":59,"column":90}},"60":{"start":{"line":61,"column":0},"end":{"line":61,"column":77}},"61":{"start":{"line":62,"column":0},"end":{"line":62,"column":97}},"62":{"start":{"line":63,"column":0},"end":{"line":63,"column":106}},"63":{"start":{"line":64,"column":0},"end":{"line":64,"column":97}},"64":{"start":{"line":65,"column":0},"end":{"line":65,"column":90}},"65":{"start":{"line":66,"column":0},"end":{"line":66,"column":286}},"66":{"start":{"line":67,"column":0},"end":{"line":67,"column":97}},"68":{"start":{"line":69,"column":0},"end":{"line":69,"column":101}},"69":{"start":{"line":70,"column":0},"end":{"line":70,"column":97}},"70":{"start":{"line":71,"column":0},"end":{"line":71,"column":96}},"71":{"start":{"line":72,"column":0},"end":{"line":72,"column":203}},"72":{"start":{"line":73,"column":0},"end":{"line":73,"column":97}},"73":{"start":{"line":74,"column":0},"end":{"line":74,"column":69}},"74":{"start":{"line":75,"column":0},"end":{"line":75,"column":97}},"76":{"start":{"line":77,"column":0},"end":{"line":77,"column":103}},"77":{"start":{"line":78,"column":0},"end":{"line":78,"column":97}},"78":{"start":{"line":79,"column":0},"end":{"line":79,"column":103}},"79":{"start":{"line":80,"column":0},"end":{"line":80,"column":76}},"80":{"start":{"line":81,"column":0},"end":{"line":81,"column":106}},"81":{"start":{"line":82,"column":0},"end":{"line":82,"column":342}},"82":{"start":{"line":83,"column":0},"end":{"line":83,"column":97}},"84":{"start":{"line":85,"column":0},"end":{"line":85,"column":132}},"85":{"start":{"line":86,"column":0},"end":{"line":86,"column":308}},"86":{"start":{"line":87,"column":0},"end":{"line":87,"column":97}},"87":{"start":{"line":88,"column":0},"end":{"line":88,"column":296}},"88":{"start":{"line":89,"column":0},"end":{"line":89,"column":80}},"89":{"start":{"line":90,"column":0},"end":{"line":90,"column":97}},"90":{"start":{"line":91,"column":0},"end":{"line":91,"column":97}},"92":{"start":{"line":93,"column":0},"end":{"line":93,"column":107}},"93":{"start":{"line":94,"column":0},"end":{"line":94,"column":97}},"94":{"start":{"line":95,"column":0},"end":{"line":95,"column":84}},"95":{"start":{"line":96,"column":0},"end":{"line":96,"column":128}},"96":{"start":{"line":97,"column":0},"end":{"line":97,"column":97}},"97":{"start":{"line":98,"column":0},"end":{"line":98,"column":97}},"99":{"start":{"line":100,"column":0},"end":{"line":100,"column":97}},"100":{"start":{"line":101,"column":0},"end":{"line":101,"column":97}},"101":{"start":{"line":102,"column":0},"end":{"line":102,"column":90}},"102":{"start":{"line":103,"column":0},"end":{"line":103,"column":68}},"103":{"start":{"line":104,"column":0},"end":{"line":104,"column":97}},"104":{"start":{"line":105,"column":0},"end":{"line":105,"column":97}},"105":{"start":{"line":106,"column":0},"end":{"line":106,"column":96}},"107":{"start":{"line":108,"column":0},"end":{"line":108,"column":2}},"109":{"start":{"line":110,"column":0},"end":{"line":110,"column":44}},"110":{"start":{"line":111,"column":0},"end":{"line":111,"column":35}},"113":{"start":{"line":114,"column":0},"end":{"line":114,"column":33}},"114":{"start":{"line":115,"column":0},"end":{"line":115,"column":35}},"116":{"start":{"line":117,"column":0},"end":{"line":117,"column":41}},"117":{"start":{"line":118,"column":0},"end":{"line":118,"column":11}},"118":{"start":{"line":119,"column":0},"end":{"line":119,"column":22}},"119":{"start":{"line":120,"column":0},"end":{"line":120,"column":50}},"120":{"start":{"line":121,"column":0},"end":{"line":121,"column":5}},"121":{"start":{"line":122,"column":0},"end":{"line":122,"column":5}},"122":{"start":{"line":123,"column":0},"end":{"line":123,"column":50}},"125":{"start":{"line":126,"column":0},"end":{"line":126,"column":55}},"128":{"start":{"line":129,"column":0},"end":{"line":129,"column":15}},"129":{"start":{"line":130,"column":0},"end":{"line":130,"column":49}},"130":{"start":{"line":131,"column":0},"end":{"line":131,"column":47}},"131":{"start":{"line":132,"column":0},"end":{"line":132,"column":13}},"132":{"start":{"line":133,"column":0},"end":{"line":133,"column":24}},"133":{"start":{"line":134,"column":0},"end":{"line":134,"column":32}},"134":{"start":{"line":135,"column":0},"end":{"line":135,"column":44}},"135":{"start":{"line":136,"column":0},"end":{"line":136,"column":44}},"136":{"start":{"line":137,"column":0},"end":{"line":137,"column":46}},"137":{"start":{"line":138,"column":0},"end":{"line":138,"column":26}},"138":{"start":{"line":139,"column":0},"end":{"line":139,"column":30}},"139":{"start":{"line":140,"column":0},"end":{"line":140,"column":30}},"140":{"start":{"line":141,"column":0},"end":{"line":141,"column":40}},"141":{"start":{"line":142,"column":0},"end":{"line":142,"column":41}},"142":{"start":{"line":143,"column":0},"end":{"line":143,"column":47}},"143":{"start":{"line":144,"column":0},"end":{"line":144,"column":40}},"144":{"start":{"line":145,"column":0},"end":{"line":145,"column":56}},"145":{"start":{"line":146,"column":0},"end":{"line":146,"column":36}},"146":{"start":{"line":147,"column":0},"end":{"line":147,"column":46}},"147":{"start":{"line":148,"column":0},"end":{"line":148,"column":31}},"148":{"start":{"line":149,"column":0},"end":{"line":149,"column":7}},"149":{"start":{"line":150,"column":0},"end":{"line":150,"column":7}},"150":{"start":{"line":151,"column":0},"end":{"line":151,"column":20}},"151":{"start":{"line":152,"column":0},"end":{"line":152,"column":56}},"152":{"start":{"line":153,"column":0},"end":{"line":153,"column":3}},"155":{"start":{"line":156,"column":0},"end":{"line":156,"column":37}},"156":{"start":{"line":157,"column":0},"end":{"line":157,"column":34}},"157":{"start":{"line":158,"column":0},"end":{"line":158,"column":32}},"158":{"start":{"line":159,"column":0},"end":{"line":159,"column":17}},"159":{"start":{"line":160,"column":0},"end":{"line":160,"column":33}},"160":{"start":{"line":161,"column":0},"end":{"line":161,"column":7}},"161":{"start":{"line":162,"column":0},"end":{"line":162,"column":3}},"162":{"start":{"line":163,"column":0},"end":{"line":163,"column":50}},"164":{"start":{"line":165,"column":0},"end":{"line":165,"column":35}},"165":{"start":{"line":166,"column":0},"end":{"line":166,"column":26}},"166":{"start":{"line":167,"column":0},"end":{"line":167,"column":1}},"168":{"start":{"line":169,"column":0},"end":{"line":169,"column":6}},"169":{"start":{"line":170,"column":0},"end":{"line":170,"column":47}},"170":{"start":{"line":171,"column":0},"end":{"line":171,"column":23}},"171":{"start":{"line":172,"column":0},"end":{"line":172,"column":21}},"172":{"start":{"line":173,"column":0},"end":{"line":173,"column":31}},"173":{"start":{"line":174,"column":0},"end":{"line":174,"column":20}},"174":{"start":{"line":175,"column":0},"end":{"line":175,"column":5}}},"s":{"1":1,"2":1,"3":1,"6":1,"8":1,"9":1,"10":1,"11":1,"14":1,"15":1,"16":1,"17":1,"18":1,"21":1,"22":1,"23":1,"24":1,"25":1,"26":1,"27":1,"28":1,"29":1,"32":1,"34":1,"35":1,"36":1,"37":1,"38":1,"39":1,"40":1,"41":1,"43":1,"44":1,"45":1,"46":1,"47":1,"48":1,"49":1,"50":1,"52":1,"53":1,"54":1,"55":1,"56":1,"57":1,"58":1,"60":1,"61":1,"62":1,"63":1,"64":1,"65":1,"66":1,"68":1,"69":1,"70":1,"71":1,"72":1,"73":1,"74":1,"76":1,"77":1,"78":1,"79":1,"80":1,"81":1,"82":1,"84":1,"85":1,"86":1,"87":1,"88":1,"89":1,"90":1,"92":1,"93":1,"94":1,"95":1,"96":1,"97":1,"99":1,"100":1,"101":1,"102":1,"103":1,"104":1,"105":1,"107":1,"109":2,"110":2,"113":2,"114":2,"116":2,"117":2,"118":2,"119":2,"120":2,"121":2,"122":2,"125":2,"128":1,"129":2,"130":2,"131":2,"132":2,"133":2,"134":2,"135":2,"136":2,"137":2,"138":2,"139":2,"140":2,"141":2,"142":2,"143":2,"144":2,"145":2,"146":2,"147":2,"148":2,"149":2,"150":2,"151":2,"152":2,"155":2,"156":0,"157":0,"158":0,"159":0,"160":0,"161":0,"162":1,"164":1,"165":1,"166":1,"168":1,"169":1,"170":1,"171":0,"172":0,"173":0,"174":0},"branchMap":{"0":{"type":"branch","line":9,"loc":{"start":{"line":9,"column":0},"end":{"line":9,"column":17}},"locations":[{"start":{"line":9,"column":0},"end":{"line":9,"column":17}}]},"1":{"type":"branch","line":15,"loc":{"start":{"line":15,"column":0},"end":{"line":15,"column":12}},"locations":[{"start":{"line":15,"column":0},"end":{"line":15,"column":12}}]},"2":{"type":"branch","line":22,"loc":{"start":{"line":22,"column":0},"end":{"line":22,"column":14}},"locations":[{"start":{"line":22,"column":0},"end":{"line":22,"column":14}}]},"3":{"type":"branch","line":110,"loc":{"start":{"line":110,"column":0},"end":{"line":167,"column":1}},"locations":[{"start":{"line":110,"column":0},"end":{"line":167,"column":1}}]},"4":{"type":"branch","line":126,"loc":{"start":{"line":126,"column":53},"end":{"line":130,"column":48}},"locations":[{"start":{"line":126,"column":53},"end":{"line":130,"column":48}}]},"5":{"type":"branch","line":153,"loc":{"start":{"line":153,"column":2},"end":{"line":156,"column":36}},"locations":[{"start":{"line":153,"column":2},"end":{"line":156,"column":36}}]},"6":{"type":"branch","line":156,"loc":{"start":{"line":156,"column":36},"end":{"line":162,"column":3}},"locations":[{"start":{"line":156,"column":36},"end":{"line":162,"column":3}}]},"7":{"type":"branch","line":162,"loc":{"start":{"line":162,"column":2},"end":{"line":167,"column":1}},"locations":[{"start":{"line":162,"column":2},"end":{"line":167,"column":1}}]}},"b":{"0":[1],"1":[1],"2":[1],"3":[2],"4":[1],"5":[1],"6":[0],"7":[1]},"fnMap":{"0":{"name":"main","decl":{"start":{"line":110,"column":0},"end":{"line":167,"column":1}},"loc":{"start":{"line":110,"column":0},"end":{"line":167,"column":1}},"line":110}},"f":{"0":2}}
,"C:\\Users\\Amand\\OneDrive\\Documents\\JHU-undergrad\\Senior Year\\Senior Spring\\OOSE\\oose attempts bruh\\team-05\\api\\prisma\\seed_liam.ts": {"path":"C:\\Users\\Amand\\OneDrive\\Documents\\JHU-undergrad\\Senior Year\\Senior Spring\\OOSE\\oose attempts bruh\\team-05\\api\\prisma\\seed_liam.ts","all":false,"statementMap":{"1":{"start":{"line":2,"column":0},"end":{"line":2,"column":45}},"2":{"start":{"line":3,"column":0},"end":{"line":3,"column":54}},"3":{"start":{"line":4,"column":0},"end":{"line":4,"column":78}},"5":{"start":{"line":6,"column":0},"end":{"line":6,"column":33}},"7":{"start":{"line":8,"column":0},"end":{"line":8,"column":22}},"8":{"start":{"line":9,"column":0},"end":{"line":9,"column":13}},"9":{"start":{"line":10,"column":0},"end":{"line":10,"column":25}},"10":{"start":{"line":11,"column":0},"end":{"line":11,"column":32}},"11":{"start":{"line":12,"column":0},"end":{"line":12,"column":31}},"12":{"start":{"line":13,"column":0},"end":{"line":13,"column":25}},"13":{"start":{"line":14,"column":0},"end":{"line":14,"column":11}},"14":{"start":{"line":15,"column":0},"end":{"line":15,"column":2}},"16":{"start":{"line":17,"column":0},"end":{"line":17,"column":27}},"17":{"start":{"line":18,"column":0},"end":{"line":18,"column":18}},"18":{"start":{"line":19,"column":0},"end":{"line":19,"column":38}},"19":{"start":{"line":20,"column":0},"end":{"line":20,"column":50}},"20":{"start":{"line":21,"column":0},"end":{"line":21,"column":50}},"21":{"start":{"line":22,"column":0},"end":{"line":22,"column":52}},"22":{"start":{"line":23,"column":0},"end":{"line":23,"column":19}},"23":{"start":{"line":24,"column":0},"end":{"line":24,"column":24}},"24":{"start":{"line":25,"column":0},"end":{"line":25,"column":24}},"26":{"start":{"line":27,"column":0},"end":{"line":27,"column":16}},"27":{"start":{"line":28,"column":0},"end":{"line":28,"column":14}},"28":{"start":{"line":29,"column":0},"end":{"line":29,"column":16}},"29":{"start":{"line":30,"column":0},"end":{"line":30,"column":16}},"30":{"start":{"line":31,"column":0},"end":{"line":31,"column":19}},"31":{"start":{"line":32,"column":0},"end":{"line":32,"column":14}},"32":{"start":{"line":33,"column":0},"end":{"line":33,"column":16}},"33":{"start":{"line":34,"column":0},"end":{"line":34,"column":2}},"35":{"start":{"line":36,"column":0},"end":{"line":36,"column":54}},"36":{"start":{"line":37,"column":0},"end":{"line":37,"column":24}},"37":{"start":{"line":38,"column":0},"end":{"line":38,"column":20}},"38":{"start":{"line":39,"column":0},"end":{"line":39,"column":40}},"39":{"start":{"line":40,"column":0},"end":{"line":40,"column":52}},"40":{"start":{"line":41,"column":0},"end":{"line":41,"column":52}},"41":{"start":{"line":42,"column":0},"end":{"line":42,"column":54}},"42":{"start":{"line":43,"column":0},"end":{"line":43,"column":21}},"43":{"start":{"line":44,"column":0},"end":{"line":44,"column":26}},"44":{"start":{"line":45,"column":0},"end":{"line":45,"column":26}},"46":{"start":{"line":47,"column":0},"end":{"line":47,"column":18}},"47":{"start":{"line":48,"column":0},"end":{"line":48,"column":16}},"48":{"start":{"line":49,"column":0},"end":{"line":49,"column":18}},"49":{"start":{"line":50,"column":0},"end":{"line":50,"column":18}},"50":{"start":{"line":51,"column":0},"end":{"line":51,"column":21}},"51":{"start":{"line":52,"column":0},"end":{"line":52,"column":16}},"52":{"start":{"line":53,"column":0},"end":{"line":53,"column":18}},"53":{"start":{"line":54,"column":0},"end":{"line":54,"column":3}},"54":{"start":{"line":55,"column":0},"end":{"line":55,"column":1}},"56":{"start":{"line":57,"column":0},"end":{"line":57,"column":31}},"57":{"start":{"line":58,"column":0},"end":{"line":58,"column":35}},"60":{"start":{"line":61,"column":0},"end":{"line":61,"column":35}},"61":{"start":{"line":62,"column":0},"end":{"line":62,"column":33}},"62":{"start":{"line":63,"column":0},"end":{"line":63,"column":34}},"65":{"start":{"line":66,"column":0},"end":{"line":66,"column":41}},"66":{"start":{"line":67,"column":0},"end":{"line":67,"column":41}},"67":{"start":{"line":68,"column":0},"end":{"line":68,"column":15}},"68":{"start":{"line":69,"column":0},"end":{"line":69,"column":13}},"69":{"start":{"line":70,"column":0},"end":{"line":70,"column":22}},"70":{"start":{"line":71,"column":0},"end":{"line":71,"column":50}},"71":{"start":{"line":72,"column":0},"end":{"line":72,"column":5}},"72":{"start":{"line":73,"column":0},"end":{"line":73,"column":5}},"73":{"start":{"line":74,"column":0},"end":{"line":74,"column":50}},"76":{"start":{"line":77,"column":0},"end":{"line":77,"column":45}},"77":{"start":{"line":78,"column":0},"end":{"line":78,"column":47}},"78":{"start":{"line":79,"column":0},"end":{"line":79,"column":13}},"79":{"start":{"line":80,"column":0},"end":{"line":80,"column":22}},"80":{"start":{"line":81,"column":0},"end":{"line":81,"column":51}},"81":{"start":{"line":82,"column":0},"end":{"line":82,"column":7}},"82":{"start":{"line":83,"column":0},"end":{"line":83,"column":7}},"83":{"start":{"line":84,"column":0},"end":{"line":84,"column":56}},"84":{"start":{"line":85,"column":0},"end":{"line":85,"column":3}},"86":{"start":{"line":87,"column":0},"end":{"line":87,"column":34}},"87":{"start":{"line":88,"column":0},"end":{"line":88,"column":14}},"88":{"start":{"line":89,"column":0},"end":{"line":89,"column":1}},"91":{"start":{"line":92,"column":0},"end":{"line":92,"column":38}},"93":{"start":{"line":94,"column":0},"end":{"line":94,"column":9}},"94":{"start":{"line":95,"column":0},"end":{"line":95,"column":23}},"95":{"start":{"line":96,"column":0},"end":{"line":96,"column":32}},"96":{"start":{"line":97,"column":0},"end":{"line":97,"column":6}},"97":{"start":{"line":98,"column":0},"end":{"line":98,"column":25}},"98":{"start":{"line":99,"column":0},"end":{"line":99,"column":22}},"99":{"start":{"line":100,"column":0},"end":{"line":100,"column":32}},"100":{"start":{"line":101,"column":0},"end":{"line":101,"column":21}},"101":{"start":{"line":102,"column":0},"end":{"line":102,"column":6}},"102":{"start":{"line":103,"column":0},"end":{"line":103,"column":8}},"104":{"start":{"line":105,"column":0},"end":{"line":105,"column":9}},"105":{"start":{"line":106,"column":0},"end":{"line":106,"column":23}},"106":{"start":{"line":107,"column":0},"end":{"line":107,"column":32}},"107":{"start":{"line":108,"column":0},"end":{"line":108,"column":6}},"108":{"start":{"line":109,"column":0},"end":{"line":109,"column":25}},"109":{"start":{"line":110,"column":0},"end":{"line":110,"column":53}},"110":{"start":{"line":111,"column":0},"end":{"line":111,"column":32}},"112":{"start":{"line":113,"column":0},"end":{"line":113,"column":6}},"113":{"start":{"line":114,"column":0},"end":{"line":114,"column":1}}},"s":{"1":1,"2":1,"3":1,"5":1,"7":1,"8":1,"9":1,"10":1,"11":1,"12":1,"13":1,"14":1,"16":1,"17":1,"18":1,"19":1,"20":1,"21":1,"22":1,"23":1,"24":1,"26":1,"27":1,"28":1,"29":1,"30":1,"31":1,"32":1,"33":1,"35":1,"36":10,"37":10,"38":10,"39":10,"40":10,"41":10,"42":10,"43":10,"44":10,"46":10,"47":10,"48":10,"49":10,"50":10,"51":10,"52":10,"53":10,"54":10,"56":1,"57":1,"60":1,"61":1,"62":1,"65":1,"66":1,"67":1,"68":1,"69":1,"70":1,"71":1,"72":1,"73":1,"76":1,"77":3,"78":3,"79":3,"80":3,"81":3,"82":3,"83":2,"84":2,"86":0,"87":0,"88":0,"91":1,"93":0,"94":0,"95":0,"96":0,"97":0,"98":0,"99":0,"100":0,"101":0,"102":1,"104":1,"105":1,"106":0,"107":1,"108":1,"109":1,"110":1,"112":1,"113":1},"branchMap":{"0":{"type":"branch","line":36,"loc":{"start":{"line":36,"column":53},"end":{"line":55,"column":1}},"locations":[{"start":{"line":36,"column":53},"end":{"line":55,"column":1}}]},"1":{"type":"branch","line":92,"loc":{"start":{"line":92,"column":37},"end":{"line":103,"column":7}},"locations":[{"start":{"line":92,"column":37},"end":{"line":103,"column":7}}]},"2":{"type":"branch","line":57,"loc":{"start":{"line":57,"column":0},"end":{"line":89,"column":1}},"locations":[{"start":{"line":57,"column":0},"end":{"line":89,"column":1}}]},"3":{"type":"branch","line":77,"loc":{"start":{"line":77,"column":44},"end":{"line":85,"column":3}},"locations":[{"start":{"line":77,"column":44},"end":{"line":85,"column":3}}]},"4":{"type":"branch","line":83,"loc":{"start":{"line":83,"column":5},"end":{"line":85,"column":3}},"locations":[{"start":{"line":83,"column":5},"end":{"line":85,"column":3}}]},"5":{"type":"branch","line":85,"loc":{"start":{"line":85,"column":2},"end":{"line":89,"column":1}},"locations":[{"start":{"line":85,"column":2},"end":{"line":89,"column":1}}]},"6":{"type":"branch","line":109,"loc":{"start":{"line":109,"column":11},"end":{"line":113,"column":5}},"locations":[{"start":{"line":109,"column":11},"end":{"line":113,"column":5}}]}},"b":{"0":[10],"1":[0],"2":[1],"3":[3],"4":[2],"5":[0],"6":[1]},"fnMap":{"0":{"name":"main2","decl":{"start":{"line":57,"column":0},"end":{"line":89,"column":1}},"loc":{"start":{"line":57,"column":0},"end":{"line":89,"column":1}},"line":57}},"f":{"0":1}}
,"C:\\Users\\Amand\\OneDrive\\Documents\\JHU-undergrad\\Senior Year\\Senior Spring\\OOSE\\oose attempts bruh\\team-05\\api\\src\\index.ts": {"path":"C:\\Users\\Amand\\OneDrive\\Documents\\JHU-undergrad\\Senior Year\\Senior Spring\\OOSE\\oose attempts bruh\\team-05\\api\\src\\index.ts","all":false,"statementMap":{"0":{"start":{"line":1,"column":0},"end":{"line":1,"column":37}},"3":{"start":{"line":4,"column":0},"end":{"line":4,"column":20}},"4":{"start":{"line":5,"column":0},"end":{"line":5,"column":55}},"7":{"start":{"line":8,"column":0},"end":{"line":8,"column":30}},"8":{"start":{"line":9,"column":0},"end":{"line":9,"column":24}},"9":{"start":{"line":10,"column":0},"end":{"line":10,"column":41}},"10":{"start":{"line":11,"column":0},"end":{"line":11,"column":44}},"11":{"start":{"line":12,"column":0},"end":{"line":12,"column":42}},"12":{"start":{"line":13,"column":0},"end":{"line":13,"column":52}},"13":{"start":{"line":14,"column":0},"end":{"line":14,"column":48}},"14":{"start":{"line":15,"column":0},"end":{"line":15,"column":48}},"15":{"start":{"line":16,"column":0},"end":{"line":16,"column":49}},"16":{"start":{"line":17,"column":0},"end":{"line":17,"column":57}},"17":{"start":{"line":18,"column":0},"end":{"line":18,"column":47}},"18":{"start":{"line":19,"column":0},"end":{"line":19,"column":70}},"19":{"start":{"line":20,"column":0},"end":{"line":20,"column":54}},"20":{"start":{"line":21,"column":0},"end":{"line":21,"column":51}},"21":{"start":{"line":22,"column":0},"end":{"line":22,"column":62}},"22":{"start":{"line":23,"column":0},"end":{"line":23,"column":24}},"23":{"start":{"line":24,"column":0},"end":{"line":24,"column":36}},"24":{"start":{"line":25,"column":0},"end":{"line":25,"column":50}},"25":{"start":{"line":26,"column":0},"end":{"line":26,"column":46}},"26":{"start":{"line":27,"column":0},"end":{"line":27,"column":46}},"27":{"start":{"line":28,"column":0},"end":{"line":28,"column":51}},"31":{"start":{"line":32,"column":0},"end":{"line":32,"column":29}},"32":{"start":{"line":33,"column":0},"end":{"line":33,"column":116}},"34":{"start":{"line":35,"column":0},"end":{"line":35,"column":21}},"35":{"start":{"line":36,"column":0},"end":{"line":36,"column":11}},"36":{"start":{"line":37,"column":0},"end":{"line":37,"column":32}},"37":{"start":{"line":38,"column":0},"end":{"line":38,"column":59}},"38":{"start":{"line":39,"column":0},"end":{"line":39,"column":8}},"40":{"start":{"line":41,"column":0},"end":{"line":41,"column":45}},"42":{"start":{"line":43,"column":0},"end":{"line":43,"column":28}},"43":{"start":{"line":44,"column":0},"end":{"line":44,"column":30}},"44":{"start":{"line":45,"column":0},"end":{"line":45,"column":30}},"45":{"start":{"line":46,"column":0},"end":{"line":46,"column":46}},"46":{"start":{"line":47,"column":0},"end":{"line":47,"column":58}},"47":{"start":{"line":48,"column":0},"end":{"line":48,"column":6}},"49":{"start":{"line":50,"column":0},"end":{"line":50,"column":40}},"51":{"start":{"line":52,"column":0},"end":{"line":52,"column":32}},"52":{"start":{"line":53,"column":0},"end":{"line":53,"column":9}},"53":{"start":{"line":54,"column":0},"end":{"line":54,"column":27}},"54":{"start":{"line":55,"column":0},"end":{"line":55,"column":12}},"55":{"start":{"line":56,"column":0},"end":{"line":56,"column":66}},"56":{"start":{"line":57,"column":0},"end":{"line":57,"column":56}},"57":{"start":{"line":58,"column":0},"end":{"line":58,"column":5}},"58":{"start":{"line":59,"column":0},"end":{"line":59,"column":4}},"59":{"start":{"line":60,"column":0},"end":{"line":60,"column":61}},"60":{"start":{"line":61,"column":0},"end":{"line":61,"column":52}},"61":{"start":{"line":62,"column":0},"end":{"line":62,"column":33}},"62":{"start":{"line":63,"column":0},"end":{"line":63,"column":19}},"63":{"start":{"line":64,"column":0},"end":{"line":64,"column":2}},"65":{"start":{"line":66,"column":0},"end":{"line":66,"column":27}},"67":{"start":{"line":68,"column":0},"end":{"line":68,"column":27}},"68":{"start":{"line":69,"column":0},"end":{"line":69,"column":24}},"69":{"start":{"line":70,"column":0},"end":{"line":70,"column":29}},"70":{"start":{"line":71,"column":0},"end":{"line":71,"column":4}},"71":{"start":{"line":72,"column":0},"end":{"line":72,"column":3}},"73":{"start":{"line":74,"column":0},"end":{"line":74,"column":24}},"74":{"start":{"line":75,"column":0},"end":{"line":75,"column":24}},"75":{"start":{"line":76,"column":0},"end":{"line":76,"column":14}},"76":{"start":{"line":77,"column":0},"end":{"line":77,"column":19}},"77":{"start":{"line":78,"column":0},"end":{"line":78,"column":20}},"78":{"start":{"line":79,"column":0},"end":{"line":79,"column":24}},"79":{"start":{"line":80,"column":0},"end":{"line":80,"column":28}},"80":{"start":{"line":81,"column":0},"end":{"line":81,"column":22}},"81":{"start":{"line":82,"column":0},"end":{"line":82,"column":33}},"82":{"start":{"line":83,"column":0},"end":{"line":83,"column":38}},"83":{"start":{"line":84,"column":0},"end":{"line":84,"column":38}},"84":{"start":{"line":85,"column":0},"end":{"line":85,"column":38}},"85":{"start":{"line":86,"column":0},"end":{"line":86,"column":37}},"86":{"start":{"line":87,"column":0},"end":{"line":87,"column":27}},"87":{"start":{"line":88,"column":0},"end":{"line":88,"column":31}},"88":{"start":{"line":89,"column":0},"end":{"line":89,"column":38}},"89":{"start":{"line":90,"column":0},"end":{"line":90,"column":35}},"92":{"start":{"line":93,"column":0},"end":{"line":93,"column":50}},"93":{"start":{"line":94,"column":0},"end":{"line":94,"column":43}},"95":{"start":{"line":96,"column":0},"end":{"line":96,"column":67}},"97":{"start":{"line":98,"column":0},"end":{"line":98,"column":26}},"98":{"start":{"line":99,"column":0},"end":{"line":99,"column":69}},"99":{"start":{"line":100,"column":0},"end":{"line":100,"column":3}},"101":{"start":{"line":102,"column":0},"end":{"line":102,"column":22}},"104":{"start":{"line":105,"column":0},"end":{"line":105,"column":38}},"105":{"start":{"line":106,"column":0},"end":{"line":106,"column":37}},"106":{"start":{"line":107,"column":0},"end":{"line":107,"column":53}},"107":{"start":{"line":108,"column":0},"end":{"line":108,"column":5}},"108":{"start":{"line":109,"column":0},"end":{"line":109,"column":24}},"109":{"start":{"line":110,"column":0},"end":{"line":110,"column":1}}},"s":{"0":1,"3":1,"4":1,"7":1,"8":1,"9":1,"10":1,"11":1,"12":1,"13":1,"14":1,"15":1,"16":1,"17":1,"18":1,"19":1,"20":1,"21":1,"22":1,"23":1,"24":1,"25":1,"26":1,"27":1,"31":1,"32":1,"34":1,"35":1,"36":94,"37":94,"38":94,"40":94,"42":0,"43":0,"44":0,"45":0,"46":0,"47":0,"49":0,"51":0,"52":0,"53":0,"54":0,"55":0,"56":0,"57":0,"58":94,"59":1,"60":1,"61":1,"62":1,"63":1,"65":1,"67":1,"68":0,"69":0,"70":0,"71":0,"73":1,"74":1,"75":1,"76":1,"77":1,"78":1,"79":1,"80":1,"81":1,"82":1,"83":1,"84":1,"85":1,"86":1,"87":1,"88":1,"89":1,"92":1,"93":1,"95":1,"97":1,"98":0,"99":0,"101":1,"104":1,"105":0,"106":0,"107":0,"108":0,"109":0},"branchMap":{"0":{"type":"branch","line":105,"loc":{"start":{"line":105,"column":37},"end":{"line":110,"column":1}},"locations":[{"start":{"line":105,"column":37},"end":{"line":110,"column":1}}]},"1":{"type":"branch","line":36,"loc":{"start":{"line":36,"column":10},"end":{"line":59,"column":4}},"locations":[{"start":{"line":36,"column":10},"end":{"line":59,"column":4}}]},"2":{"type":"branch","line":41,"loc":{"start":{"line":41,"column":43},"end":{"line":58,"column":5}},"locations":[{"start":{"line":41,"column":43},"end":{"line":58,"column":5}}]}},"b":{"0":[0],"1":[94],"2":[0]},"fnMap":{"0":{"name":"origin","decl":{"start":{"line":36,"column":10},"end":{"line":59,"column":4}},"loc":{"start":{"line":36,"column":10},"end":{"line":59,"column":4}},"line":36}},"f":{"0":94}}
,"C:\\Users\\Amand\\OneDrive\\Documents\\JHU-undergrad\\Senior Year\\Senior Spring\\OOSE\\oose attempts bruh\\team-05\\api\\src\\lib\\password.ts": {"path":"C:\\Users\\Amand\\OneDrive\\Documents\\JHU-undergrad\\Senior Year\\Senior Spring\\OOSE\\oose attempts bruh\\team-05\\api\\src\\lib\\password.ts","all":false,"statementMap":{"0":{"start":{"line":1,"column":0},"end":{"line":1,"column":47}},"2":{"start":{"line":3,"column":0},"end":{"line":3,"column":54}},"3":{"start":{"line":4,"column":0},"end":{"line":4,"column":31}},"4":{"start":{"line":5,"column":0},"end":{"line":5,"column":22}},"5":{"start":{"line":6,"column":0},"end":{"line":6,"column":16}},"6":{"start":{"line":7,"column":0},"end":{"line":7,"column":18}},"7":{"start":{"line":8,"column":0},"end":{"line":8,"column":18}},"8":{"start":{"line":9,"column":0},"end":{"line":9,"column":5}},"9":{"start":{"line":10,"column":0},"end":{"line":10,"column":1}},"11":{"start":{"line":12,"column":0},"end":{"line":12,"column":70}},"12":{"start":{"line":13,"column":0},"end":{"line":13,"column":38}},"13":{"start":{"line":14,"column":0},"end":{"line":14,"column":1}}},"s":{"0":1,"2":32,"3":32,"4":32,"5":32,"6":32,"7":32,"8":32,"9":32,"11":3,"12":3,"13":3},"branchMap":{"0":{"type":"branch","line":3,"loc":{"start":{"line":3,"column":0},"end":{"line":10,"column":1}},"locations":[{"start":{"line":3,"column":0},"end":{"line":10,"column":1}}]},"1":{"type":"branch","line":12,"loc":{"start":{"line":12,"column":0},"end":{"line":14,"column":1}},"locations":[{"start":{"line":12,"column":0},"end":{"line":14,"column":1}}]}},"b":{"0":[32],"1":[3]},"fnMap":{"0":{"name":"hashPassword","decl":{"start":{"line":3,"column":0},"end":{"line":10,"column":1}},"loc":{"start":{"line":3,"column":0},"end":{"line":10,"column":1}},"line":3},"1":{"name":"verifyPassword","decl":{"start":{"line":12,"column":0},"end":{"line":14,"column":1}},"loc":{"start":{"line":12,"column":0},"end":{"line":14,"column":1}},"line":12}},"f":{"0":32,"1":3}}
,"C:\\Users\\Amand\\OneDrive\\Documents\\JHU-undergrad\\Senior Year\\Senior Spring\\OOSE\\oose attempts bruh\\team-05\\api\\src\\lib\\session.ts": {"path":"C:\\Users\\Amand\\OneDrive\\Documents\\JHU-undergrad\\Senior Year\\Senior Spring\\OOSE\\oose attempts bruh\\team-05\\api\\src\\lib\\session.ts","all":false,"statementMap":{"3":{"start":{"line":4,"column":0},"end":{"line":4,"column":86}},"4":{"start":{"line":5,"column":0},"end":{"line":5,"column":45}},"5":{"start":{"line":6,"column":0},"end":{"line":6,"column":44}},"8":{"start":{"line":9,"column":0},"end":{"line":9,"column":48}},"9":{"start":{"line":10,"column":0},"end":{"line":10,"column":34}},"10":{"start":{"line":11,"column":0},"end":{"line":11,"column":31}},"11":{"start":{"line":12,"column":0},"end":{"line":12,"column":53}},"12":{"start":{"line":13,"column":0},"end":{"line":13,"column":14}},"13":{"start":{"line":14,"column":0},"end":{"line":14,"column":1}},"15":{"start":{"line":16,"column":0},"end":{"line":16,"column":86}},"16":{"start":{"line":17,"column":0},"end":{"line":17,"column":79}},"17":{"start":{"line":18,"column":0},"end":{"line":18,"column":27}},"18":{"start":{"line":19,"column":0},"end":{"line":19,"column":16}},"19":{"start":{"line":20,"column":0},"end":{"line":20,"column":9}},"20":{"start":{"line":21,"column":0},"end":{"line":21,"column":60}},"21":{"start":{"line":22,"column":0},"end":{"line":22,"column":3}},"23":{"start":{"line":24,"column":0},"end":{"line":24,"column":30}},"24":{"start":{"line":25,"column":0},"end":{"line":25,"column":15}},"25":{"start":{"line":26,"column":0},"end":{"line":26,"column":4}},"27":{"start":{"line":28,"column":0},"end":{"line":28,"column":16}},"28":{"start":{"line":29,"column":0},"end":{"line":29,"column":1}},"30":{"start":{"line":31,"column":0},"end":{"line":31,"column":93}},"31":{"start":{"line":32,"column":0},"end":{"line":32,"column":79}},"32":{"start":{"line":33,"column":0},"end":{"line":33,"column":49}},"33":{"start":{"line":34,"column":0},"end":{"line":34,"column":10}},"34":{"start":{"line":35,"column":0},"end":{"line":35,"column":16}},"35":{"start":{"line":36,"column":0},"end":{"line":36,"column":4}},"36":{"start":{"line":37,"column":0},"end":{"line":37,"column":12}},"37":{"start":{"line":38,"column":0},"end":{"line":38,"column":13}},"38":{"start":{"line":39,"column":0},"end":{"line":39,"column":3}},"39":{"start":{"line":40,"column":0},"end":{"line":40,"column":4}},"41":{"start":{"line":42,"column":0},"end":{"line":42,"column":23}},"42":{"start":{"line":43,"column":0},"end":{"line":43,"column":39}},"43":{"start":{"line":44,"column":0},"end":{"line":44,"column":2}},"45":{"start":{"line":46,"column":0},"end":{"line":46,"column":37}},"46":{"start":{"line":47,"column":0},"end":{"line":47,"column":49}},"47":{"start":{"line":48,"column":0},"end":{"line":48,"column":60}},"48":{"start":{"line":49,"column":0},"end":{"line":49,"column":39}},"49":{"start":{"line":50,"column":0},"end":{"line":50,"column":2}},"51":{"start":{"line":52,"column":0},"end":{"line":52,"column":76}},"52":{"start":{"line":53,"column":0},"end":{"line":53,"column":70}},"53":{"start":{"line":54,"column":0},"end":{"line":54,"column":31}},"54":{"start":{"line":55,"column":0},"end":{"line":55,"column":11}},"55":{"start":{"line":56,"column":0},"end":{"line":56,"column":18}},"56":{"start":{"line":57,"column":0},"end":{"line":57,"column":5}},"57":{"start":{"line":58,"column":0},"end":{"line":58,"column":10}},"58":{"start":{"line":59,"column":0},"end":{"line":59,"column":32}},"59":{"start":{"line":60,"column":0},"end":{"line":60,"column":4}},"60":{"start":{"line":61,"column":0},"end":{"line":61,"column":5}},"61":{"start":{"line":62,"column":0},"end":{"line":62,"column":2}},"63":{"start":{"line":64,"column":0},"end":{"line":64,"column":26}},"64":{"start":{"line":65,"column":0},"end":{"line":65,"column":1}},"66":{"start":{"line":67,"column":0},"end":{"line":67,"column":75}},"67":{"start":{"line":68,"column":0},"end":{"line":68,"column":59}},"68":{"start":{"line":69,"column":0},"end":{"line":69,"column":1}},"70":{"start":{"line":71,"column":0},"end":{"line":71,"column":76}},"71":{"start":{"line":72,"column":0},"end":{"line":72,"column":34}},"72":{"start":{"line":73,"column":0},"end":{"line":73,"column":10}},"73":{"start":{"line":74,"column":0},"end":{"line":74,"column":17}},"74":{"start":{"line":75,"column":0},"end":{"line":75,"column":3}},"75":{"start":{"line":76,"column":0},"end":{"line":76,"column":4}},"76":{"start":{"line":77,"column":0},"end":{"line":77,"column":1}},"79":{"start":{"line":80,"column":0},"end":{"line":80,"column":97}},"80":{"start":{"line":81,"column":0},"end":{"line":81,"column":45}},"81":{"start":{"line":82,"column":0},"end":{"line":82,"column":37}},"82":{"start":{"line":83,"column":0},"end":{"line":83,"column":18}},"83":{"start":{"line":84,"column":0},"end":{"line":84,"column":20}},"84":{"start":{"line":85,"column":0},"end":{"line":85,"column":22}},"85":{"start":{"line":86,"column":0},"end":{"line":86,"column":15}},"86":{"start":{"line":87,"column":0},"end":{"line":87,"column":5}},"87":{"start":{"line":88,"column":0},"end":{"line":88,"column":9}},"88":{"start":{"line":89,"column":0},"end":{"line":89,"column":37}},"89":{"start":{"line":90,"column":0},"end":{"line":90,"column":18}},"90":{"start":{"line":91,"column":0},"end":{"line":91,"column":19}},"91":{"start":{"line":92,"column":0},"end":{"line":92,"column":21}},"92":{"start":{"line":93,"column":0},"end":{"line":93,"column":5}},"93":{"start":{"line":94,"column":0},"end":{"line":94,"column":2}},"94":{"start":{"line":95,"column":0},"end":{"line":95,"column":1}},"96":{"start":{"line":97,"column":0},"end":{"line":97,"column":68}},"97":{"start":{"line":98,"column":0},"end":{"line":98,"column":45}},"98":{"start":{"line":99,"column":0},"end":{"line":99,"column":34}},"99":{"start":{"line":100,"column":0},"end":{"line":100,"column":18}},"100":{"start":{"line":101,"column":0},"end":{"line":101,"column":20}},"101":{"start":{"line":102,"column":0},"end":{"line":102,"column":13}},"102":{"start":{"line":103,"column":0},"end":{"line":103,"column":15}},"103":{"start":{"line":104,"column":0},"end":{"line":104,"column":5}},"104":{"start":{"line":105,"column":0},"end":{"line":105,"column":9}},"105":{"start":{"line":106,"column":0},"end":{"line":106,"column":34}},"106":{"start":{"line":107,"column":0},"end":{"line":107,"column":18}},"107":{"start":{"line":108,"column":0},"end":{"line":108,"column":19}},"108":{"start":{"line":109,"column":0},"end":{"line":109,"column":12}},"109":{"start":{"line":110,"column":0},"end":{"line":110,"column":5}},"110":{"start":{"line":111,"column":0},"end":{"line":111,"column":2}},"111":{"start":{"line":112,"column":0},"end":{"line":112,"column":1}}},"s":{"3":1,"4":1,"5":1,"8":1,"9":6,"10":6,"11":6,"12":6,"13":6,"15":6,"16":6,"17":6,"18":6,"19":6,"20":6,"21":6,"23":6,"24":6,"25":6,"27":6,"28":6,"30":60,"31":60,"32":60,"33":60,"34":60,"35":60,"36":60,"37":60,"38":60,"39":60,"41":60,"42":3,"43":3,"45":57,"46":60,"47":0,"48":0,"49":0,"51":57,"52":35,"53":35,"54":35,"55":35,"56":35,"57":35,"58":35,"59":35,"60":35,"61":35,"63":57,"64":57,"66":0,"67":0,"68":0,"70":0,"71":0,"72":0,"73":0,"74":0,"75":0,"76":0,"79":1,"80":6,"81":0,"82":0,"83":0,"84":0,"85":0,"86":0,"87":6,"88":6,"89":6,"90":6,"91":6,"92":6,"93":6,"94":6,"96":1,"97":4,"98":0,"99":0,"100":0,"101":0,"102":0,"103":0,"104":4,"105":4,"106":4,"107":4,"108":4,"109":4,"110":4,"111":4},"branchMap":{"0":{"type":"branch","line":9,"loc":{"start":{"line":9,"column":7},"end":{"line":14,"column":1}},"locations":[{"start":{"line":9,"column":7},"end":{"line":14,"column":1}}]},"1":{"type":"branch","line":16,"loc":{"start":{"line":16,"column":0},"end":{"line":29,"column":1}},"locations":[{"start":{"line":16,"column":0},"end":{"line":29,"column":1}}]},"2":{"type":"branch","line":31,"loc":{"start":{"line":31,"column":0},"end":{"line":65,"column":1}},"locations":[{"start":{"line":31,"column":0},"end":{"line":65,"column":1}}]},"3":{"type":"branch","line":42,"loc":{"start":{"line":42,"column":22},"end":{"line":44,"column":2}},"locations":[{"start":{"line":42,"column":22},"end":{"line":44,"column":2}}]},"4":{"type":"branch","line":44,"loc":{"start":{"line":44,"column":1},"end":{"line":47,"column":48}},"locations":[{"start":{"line":44,"column":1},"end":{"line":47,"column":48}}]},"5":{"type":"branch","line":47,"loc":{"start":{"line":47,"column":48},"end":{"line":50,"column":2}},"locations":[{"start":{"line":47,"column":48},"end":{"line":50,"column":2}}]},"6":{"type":"branch","line":50,"loc":{"start":{"line":50,"column":1},"end":{"line":65,"column":1}},"locations":[{"start":{"line":50,"column":1},"end":{"line":65,"column":1}}]},"7":{"type":"branch","line":52,"loc":{"start":{"line":52,"column":75},"end":{"line":62,"column":2}},"locations":[{"start":{"line":52,"column":75},"end":{"line":62,"column":2}}]},"8":{"type":"branch","line":80,"loc":{"start":{"line":80,"column":7},"end":{"line":95,"column":1}},"locations":[{"start":{"line":80,"column":7},"end":{"line":95,"column":1}}]},"9":{"type":"branch","line":81,"loc":{"start":{"line":81,"column":44},"end":{"line":88,"column":8}},"locations":[{"start":{"line":81,"column":44},"end":{"line":88,"column":8}}]},"10":{"type":"branch","line":97,"loc":{"start":{"line":97,"column":7},"end":{"line":112,"column":1}},"locations":[{"start":{"line":97,"column":7},"end":{"line":112,"column":1}}]},"11":{"type":"branch","line":98,"loc":{"start":{"line":98,"column":44},"end":{"line":105,"column":8}},"locations":[{"start":{"line":98,"column":44},"end":{"line":105,"column":8}}]}},"b":{"0":[6],"1":[6],"2":[60],"3":[3],"4":[57],"5":[0],"6":[57],"7":[35],"8":[6],"9":[0],"10":[4],"11":[0]},"fnMap":{"0":{"name":"generateSessionToken","decl":{"start":{"line":9,"column":7},"end":{"line":14,"column":1}},"loc":{"start":{"line":9,"column":7},"end":{"line":14,"column":1}},"line":9},"1":{"name":"createSession","decl":{"start":{"line":16,"column":0},"end":{"line":29,"column":1}},"loc":{"start":{"line":16,"column":0},"end":{"line":29,"column":1}},"line":16},"2":{"name":"validateSessionToken","decl":{"start":{"line":31,"column":0},"end":{"line":65,"column":1}},"loc":{"start":{"line":31,"column":0},"end":{"line":65,"column":1}},"line":31},"3":{"name":"invalidateSession","decl":{"start":{"line":67,"column":0},"end":{"line":69,"column":1}},"loc":{"start":{"line":67,"column":0},"end":{"line":69,"column":1}},"line":67},"4":{"name":"invalidateAllSessions","decl":{"start":{"line":71,"column":0},"end":{"line":77,"column":1}},"loc":{"start":{"line":71,"column":0},"end":{"line":77,"column":1}},"line":71},"5":{"name":"setSessionTokenCookie","decl":{"start":{"line":80,"column":7},"end":{"line":95,"column":1}},"loc":{"start":{"line":80,"column":7},"end":{"line":95,"column":1}},"line":80},"6":{"name":"deleteSessionTokenCookie","decl":{"start":{"line":97,"column":7},"end":{"line":112,"column":1}},"loc":{"start":{"line":97,"column":7},"end":{"line":112,"column":1}},"line":97}},"f":{"0":6,"1":6,"2":60,"3":0,"4":0,"5":6,"6":4}}
,"C:\\Users\\Amand\\OneDrive\\Documents\\JHU-undergrad\\Senior Year\\Senior Spring\\OOSE\\oose attempts bruh\\team-05\\api\\src\\lib\\__mocks__\\prisma.ts": {"path":"C:\\Users\\Amand\\OneDrive\\Documents\\JHU-undergrad\\Senior Year\\Senior Spring\\OOSE\\oose attempts bruh\\team-05\\api\\src\\lib\\__mocks__\\prisma.ts","all":false,"statementMap":{"0":{"start":{"line":1,"column":0},"end":{"line":1,"column":46}},"1":{"start":{"line":2,"column":0},"end":{"line":2,"column":40}},"2":{"start":{"line":3,"column":0},"end":{"line":3,"column":79}},"4":{"start":{"line":5,"column":0},"end":{"line":5,"column":18}},"5":{"start":{"line":6,"column":0},"end":{"line":6,"column":20}},"6":{"start":{"line":7,"column":0},"end":{"line":7,"column":3}},"9":{"start":{"line":10,"column":0},"end":{"line":10,"column":76}}},"s":{"0":1,"1":1,"2":1,"4":1,"5":43,"6":43,"9":1},"branchMap":{"0":{"type":"branch","line":5,"loc":{"start":{"line":5,"column":11},"end":{"line":7,"column":3}},"locations":[{"start":{"line":5,"column":11},"end":{"line":7,"column":3}}]}},"b":{"0":[43]},"fnMap":{},"f":{}}
,"C:\\Users\\Amand\\OneDrive\\Documents\\JHU-undergrad\\Senior Year\\Senior Spring\\OOSE\\oose attempts bruh\\team-05\\api\\src\\middleware\\auth.ts": {"path":"C:\\Users\\Amand\\OneDrive\\Documents\\JHU-undergrad\\Senior Year\\Senior Spring\\OOSE\\oose attempts bruh\\team-05\\api\\src\\middleware\\auth.ts","all":false,"statementMap":{"1":{"start":{"line":2,"column":0},"end":{"line":2,"column":83}},"3":{"start":{"line":4,"column":0},"end":{"line":4,"column":84}},"4":{"start":{"line":5,"column":0},"end":{"line":5,"column":39}},"6":{"start":{"line":7,"column":0},"end":{"line":7,"column":25}},"7":{"start":{"line":8,"column":0},"end":{"line":8,"column":28}},"9":{"start":{"line":10,"column":0},"end":{"line":10,"column":14}},"10":{"start":{"line":11,"column":0},"end":{"line":11,"column":64}},"12":{"start":{"line":13,"column":0},"end":{"line":13,"column":28}},"13":{"start":{"line":14,"column":0},"end":{"line":14,"column":36}},"14":{"start":{"line":15,"column":0},"end":{"line":15,"column":12}},"15":{"start":{"line":16,"column":0},"end":{"line":16,"column":40}},"17":{"start":{"line":18,"column":0},"end":{"line":18,"column":29}},"18":{"start":{"line":19,"column":0},"end":{"line":19,"column":35}},"19":{"start":{"line":20,"column":0},"end":{"line":20,"column":5}},"20":{"start":{"line":21,"column":0},"end":{"line":21,"column":3}},"22":{"start":{"line":23,"column":0},"end":{"line":23,"column":9}},"23":{"start":{"line":24,"column":0},"end":{"line":24,"column":1}},"26":{"start":{"line":27,"column":0},"end":{"line":27,"column":89}},"27":{"start":{"line":28,"column":0},"end":{"line":28,"column":48}},"28":{"start":{"line":29,"column":0},"end":{"line":29,"column":26}},"29":{"start":{"line":30,"column":0},"end":{"line":30,"column":29}},"30":{"start":{"line":31,"column":0},"end":{"line":31,"column":7}},"32":{"start":{"line":33,"column":0},"end":{"line":33,"column":11}},"33":{"start":{"line":34,"column":0},"end":{"line":34,"column":3}},"35":{"start":{"line":36,"column":0},"end":{"line":36,"column":9}},"36":{"start":{"line":37,"column":0},"end":{"line":37,"column":1}}},"s":{"1":1,"3":94,"4":94,"6":94,"7":94,"9":94,"10":44,"12":44,"13":3,"14":41,"15":41,"17":41,"18":41,"19":41,"20":44,"22":94,"23":94,"26":26,"27":26,"28":3,"29":3,"30":3,"32":3,"33":3,"35":23,"36":23},"branchMap":{"0":{"type":"branch","line":4,"loc":{"start":{"line":4,"column":0},"end":{"line":24,"column":1}},"locations":[{"start":{"line":4,"column":0},"end":{"line":24,"column":1}}]},"1":{"type":"branch","line":10,"loc":{"start":{"line":10,"column":13},"end":{"line":21,"column":3}},"locations":[{"start":{"line":10,"column":13},"end":{"line":21,"column":3}}]},"2":{"type":"branch","line":13,"loc":{"start":{"line":13,"column":9},"end":{"line":13,"column":27}},"locations":[{"start":{"line":13,"column":9},"end":{"line":13,"column":27}}]},"3":{"type":"branch","line":13,"loc":{"start":{"line":13,"column":27},"end":{"line":20,"column":5}},"locations":[{"start":{"line":13,"column":27},"end":{"line":20,"column":5}}]},"4":{"type":"branch","line":13,"loc":{"start":{"line":13,"column":27},"end":{"line":15,"column":11}},"locations":[{"start":{"line":13,"column":27},"end":{"line":15,"column":11}}]},"5":{"type":"branch","line":27,"loc":{"start":{"line":27,"column":0},"end":{"line":37,"column":1}},"locations":[{"start":{"line":27,"column":0},"end":{"line":37,"column":1}}]},"6":{"type":"branch","line":28,"loc":{"start":{"line":28,"column":18},"end":{"line":28,"column":47}},"locations":[{"start":{"line":28,"column":18},"end":{"line":28,"column":47}}]},"7":{"type":"branch","line":28,"loc":{"start":{"line":28,"column":47},"end":{"line":37,"column":1}},"locations":[{"start":{"line":28,"column":47},"end":{"line":37,"column":1}}]},"8":{"type":"branch","line":28,"loc":{"start":{"line":28,"column":47},"end":{"line":34,"column":3}},"locations":[{"start":{"line":28,"column":47},"end":{"line":34,"column":3}}]}},"b":{"0":[94],"1":[44],"2":[41],"3":[41],"4":[3],"5":[26],"6":[23],"7":[23],"8":[3]},"fnMap":{"0":{"name":"auth","decl":{"start":{"line":4,"column":0},"end":{"line":24,"column":1}},"loc":{"start":{"line":4,"column":0},"end":{"line":24,"column":1}},"line":4},"1":{"name":"authGuard","decl":{"start":{"line":27,"column":0},"end":{"line":37,"column":1}},"loc":{"start":{"line":27,"column":0},"end":{"line":37,"column":1}},"line":27}},"f":{"0":94,"1":26}}
,"C:\\Users\\Amand\\OneDrive\\Documents\\JHU-undergrad\\Senior Year\\Senior Spring\\OOSE\\oose attempts bruh\\team-05\\api\\src\\routes\\allergens.ts": {"path":"C:\\Users\\Amand\\OneDrive\\Documents\\JHU-undergrad\\Senior Year\\Senior Spring\\OOSE\\oose attempts bruh\\team-05\\api\\src\\routes\\allergens.ts","all":false,"statementMap":{"0":{"start":{"line":1,"column":0},"end":{"line":1,"column":29}},"1":{"start":{"line":2,"column":0},"end":{"line":2,"column":44}},"3":{"start":{"line":4,"column":0},"end":{"line":4,"column":40}},"7":{"start":{"line":8,"column":0},"end":{"line":8,"column":19}},"8":{"start":{"line":9,"column":0},"end":{"line":9,"column":90}},"9":{"start":{"line":10,"column":0},"end":{"line":10,"column":122}},"10":{"start":{"line":11,"column":0},"end":{"line":11,"column":120}},"11":{"start":{"line":12,"column":0},"end":{"line":12,"column":102}},"12":{"start":{"line":13,"column":0},"end":{"line":13,"column":57}},"13":{"start":{"line":14,"column":0},"end":{"line":14,"column":119}},"14":{"start":{"line":15,"column":0},"end":{"line":15,"column":66}},"15":{"start":{"line":16,"column":0},"end":{"line":16,"column":117}},"16":{"start":{"line":17,"column":0},"end":{"line":17,"column":41}},"17":{"start":{"line":18,"column":0},"end":{"line":18,"column":114}},"18":{"start":{"line":19,"column":0},"end":{"line":19,"column":119}},"19":{"start":{"line":20,"column":0},"end":{"line":20,"column":123}},"20":{"start":{"line":21,"column":0},"end":{"line":21,"column":32}},"21":{"start":{"line":22,"column":0},"end":{"line":22,"column":2}},"23":{"start":{"line":24,"column":0},"end":{"line":24,"column":39}},"24":{"start":{"line":25,"column":0},"end":{"line":25,"column":39}},"25":{"start":{"line":26,"column":0},"end":{"line":26,"column":36}},"26":{"start":{"line":27,"column":0},"end":{"line":27,"column":34}},"27":{"start":{"line":28,"column":0},"end":{"line":28,"column":19}},"28":{"start":{"line":29,"column":0},"end":{"line":29,"column":35}},"29":{"start":{"line":30,"column":0},"end":{"line":30,"column":9}},"30":{"start":{"line":31,"column":0},"end":{"line":31,"column":5}},"31":{"start":{"line":32,"column":0},"end":{"line":32,"column":52}},"32":{"start":{"line":33,"column":0},"end":{"line":33,"column":1}},"41":{"start":{"line":42,"column":0},"end":{"line":42,"column":52}},"42":{"start":{"line":43,"column":0},"end":{"line":43,"column":55}},"43":{"start":{"line":44,"column":0},"end":{"line":44,"column":24}},"44":{"start":{"line":45,"column":0},"end":{"line":45,"column":2}},"46":{"start":{"line":47,"column":0},"end":{"line":47,"column":30}}},"s":{"0":1,"1":1,"3":1,"7":1,"8":1,"9":1,"10":1,"11":1,"12":1,"13":1,"14":1,"15":1,"16":1,"17":1,"18":1,"19":1,"20":1,"21":1,"23":0,"24":0,"25":0,"26":0,"27":0,"28":0,"29":0,"30":0,"31":0,"32":0,"41":1,"42":1,"43":1,"44":1,"46":1},"branchMap":{"0":{"type":"branch","line":42,"loc":{"start":{"line":42,"column":33},"end":{"line":45,"column":2}},"locations":[{"start":{"line":42,"column":33},"end":{"line":45,"column":2}}]}},"b":{"0":[1]},"fnMap":{"0":{"name":"seedAllergens","decl":{"start":{"line":24,"column":0},"end":{"line":33,"column":1}},"loc":{"start":{"line":24,"column":0},"end":{"line":33,"column":1}},"line":24}},"f":{"0":0}}
,"C:\\Users\\Amand\\OneDrive\\Documents\\JHU-undergrad\\Senior Year\\Senior Spring\\OOSE\\oose attempts bruh\\team-05\\api\\src\\routes\\auth.ts": {"path":"C:\\Users\\Amand\\OneDrive\\Documents\\JHU-undergrad\\Senior Year\\Senior Spring\\OOSE\\oose attempts bruh\\team-05\\api\\src\\routes\\auth.ts","all":false,"statementMap":{"0":{"start":{"line":1,"column":0},"end":{"line":1,"column":29}},"1":{"start":{"line":2,"column":0},"end":{"line":2,"column":24}},"2":{"start":{"line":3,"column":0},"end":{"line":3,"column":66}},"3":{"start":{"line":4,"column":0},"end":{"line":4,"column":44}},"4":{"start":{"line":5,"column":0},"end":{"line":5,"column":143}},"5":{"start":{"line":6,"column":0},"end":{"line":6,"column":50}},"8":{"start":{"line":9,"column":0},"end":{"line":9,"column":36}},"10":{"start":{"line":11,"column":0},"end":{"line":11,"column":33}},"11":{"start":{"line":12,"column":0},"end":{"line":12,"column":30}},"12":{"start":{"line":13,"column":0},"end":{"line":13,"column":39}},"13":{"start":{"line":14,"column":0},"end":{"line":14,"column":78}},"14":{"start":{"line":15,"column":0},"end":{"line":15,"column":32}},"15":{"start":{"line":16,"column":0},"end":{"line":16,"column":30}},"16":{"start":{"line":17,"column":0},"end":{"line":17,"column":3}},"18":{"start":{"line":19,"column":0},"end":{"line":19,"column":30}},"19":{"start":{"line":20,"column":0},"end":{"line":20,"column":39}},"20":{"start":{"line":21,"column":0},"end":{"line":21,"column":33}},"21":{"start":{"line":22,"column":0},"end":{"line":22,"column":3}},"23":{"start":{"line":24,"column":0},"end":{"line":24,"column":47}},"24":{"start":{"line":25,"column":0},"end":{"line":25,"column":51}},"25":{"start":{"line":26,"column":0},"end":{"line":26,"column":26}},"26":{"start":{"line":27,"column":0},"end":{"line":27,"column":28}},"27":{"start":{"line":28,"column":0},"end":{"line":28,"column":48}},"28":{"start":{"line":29,"column":0},"end":{"line":29,"column":49}},"29":{"start":{"line":30,"column":0},"end":{"line":30,"column":9}},"31":{"start":{"line":32,"column":0},"end":{"line":32,"column":13}},"32":{"start":{"line":33,"column":0},"end":{"line":33,"column":5}},"34":{"start":{"line":35,"column":0},"end":{"line":35,"column":29}},"36":{"start":{"line":37,"column":0},"end":{"line":37,"column":9}},"37":{"start":{"line":38,"column":0},"end":{"line":38,"column":51}},"38":{"start":{"line":39,"column":0},"end":{"line":39,"column":20}},"39":{"start":{"line":40,"column":0},"end":{"line":40,"column":33}},"40":{"start":{"line":41,"column":0},"end":{"line":41,"column":13}},"41":{"start":{"line":42,"column":0},"end":{"line":42,"column":11}},"44":{"start":{"line":45,"column":0},"end":{"line":45,"column":20}},"45":{"start":{"line":46,"column":0},"end":{"line":46,"column":64}},"46":{"start":{"line":47,"column":0},"end":{"line":47,"column":19}},"47":{"start":{"line":48,"column":0},"end":{"line":48,"column":9}},"49":{"start":{"line":50,"column":0},"end":{"line":50,"column":84}},"51":{"start":{"line":52,"column":0},"end":{"line":52,"column":29}},"52":{"start":{"line":53,"column":0},"end":{"line":53,"column":65}},"53":{"start":{"line":54,"column":0},"end":{"line":54,"column":19}},"54":{"start":{"line":55,"column":0},"end":{"line":55,"column":9}},"56":{"start":{"line":57,"column":0},"end":{"line":57,"column":45}},"57":{"start":{"line":58,"column":0},"end":{"line":58,"column":61}},"58":{"start":{"line":59,"column":0},"end":{"line":59,"column":61}},"60":{"start":{"line":61,"column":0},"end":{"line":61,"column":18}},"61":{"start":{"line":62,"column":0},"end":{"line":62,"column":48}},"62":{"start":{"line":63,"column":0},"end":{"line":63,"column":19}},"63":{"start":{"line":64,"column":0},"end":{"line":64,"column":22}},"64":{"start":{"line":65,"column":0},"end":{"line":65,"column":37}},"65":{"start":{"line":66,"column":0},"end":{"line":66,"column":13}},"66":{"start":{"line":67,"column":0},"end":{"line":67,"column":11}},"68":{"start":{"line":69,"column":0},"end":{"line":69,"column":21}},"69":{"start":{"line":70,"column":0},"end":{"line":70,"column":67}},"70":{"start":{"line":71,"column":0},"end":{"line":71,"column":5}},"72":{"start":{"line":73,"column":0},"end":{"line":73,"column":2}},"74":{"start":{"line":75,"column":0},"end":{"line":75,"column":50}},"75":{"start":{"line":76,"column":0},"end":{"line":76,"column":52}},"76":{"start":{"line":77,"column":0},"end":{"line":77,"column":24}},"77":{"start":{"line":78,"column":0},"end":{"line":78,"column":26}},"78":{"start":{"line":79,"column":0},"end":{"line":79,"column":46}},"79":{"start":{"line":80,"column":0},"end":{"line":80,"column":47}},"80":{"start":{"line":81,"column":0},"end":{"line":81,"column":7}},"82":{"start":{"line":83,"column":0},"end":{"line":83,"column":11}},"83":{"start":{"line":84,"column":0},"end":{"line":84,"column":3}},"85":{"start":{"line":86,"column":0},"end":{"line":86,"column":27}},"87":{"start":{"line":88,"column":0},"end":{"line":88,"column":57}},"89":{"start":{"line":90,"column":0},"end":{"line":90,"column":31}},"91":{"start":{"line":92,"column":0},"end":{"line":92,"column":7}},"92":{"start":{"line":93,"column":0},"end":{"line":93,"column":37}},"93":{"start":{"line":94,"column":0},"end":{"line":94,"column":13}},"94":{"start":{"line":95,"column":0},"end":{"line":95,"column":26}},"95":{"start":{"line":96,"column":0},"end":{"line":96,"column":24}},"96":{"start":{"line":97,"column":0},"end":{"line":97,"column":21}},"97":{"start":{"line":98,"column":0},"end":{"line":98,"column":28}},"98":{"start":{"line":99,"column":0},"end":{"line":99,"column":25}},"99":{"start":{"line":100,"column":0},"end":{"line":100,"column":7}},"100":{"start":{"line":101,"column":0},"end":{"line":101,"column":9}},"102":{"start":{"line":103,"column":0},"end":{"line":103,"column":16}},"103":{"start":{"line":104,"column":0},"end":{"line":104,"column":24}},"104":{"start":{"line":105,"column":0},"end":{"line":105,"column":5}},"105":{"start":{"line":106,"column":0},"end":{"line":106,"column":19}},"106":{"start":{"line":107,"column":0},"end":{"line":107,"column":26}},"107":{"start":{"line":108,"column":0},"end":{"line":108,"column":44}},"108":{"start":{"line":109,"column":0},"end":{"line":109,"column":5}},"110":{"start":{"line":111,"column":0},"end":{"line":111,"column":11}},"111":{"start":{"line":112,"column":0},"end":{"line":112,"column":3}},"113":{"start":{"line":114,"column":0},"end":{"line":114,"column":39}},"114":{"start":{"line":115,"column":0},"end":{"line":115,"column":55}},"115":{"start":{"line":116,"column":0},"end":{"line":116,"column":55}},"117":{"start":{"line":118,"column":0},"end":{"line":118,"column":12}},"118":{"start":{"line":119,"column":0},"end":{"line":119,"column":11}},"119":{"start":{"line":120,"column":0},"end":{"line":120,"column":14}},"120":{"start":{"line":121,"column":0},"end":{"line":121,"column":29}},"121":{"start":{"line":122,"column":0},"end":{"line":122,"column":5}},"122":{"start":{"line":123,"column":0},"end":{"line":123,"column":5}},"123":{"start":{"line":124,"column":0},"end":{"line":124,"column":3}},"125":{"start":{"line":126,"column":0},"end":{"line":126,"column":59}},"126":{"start":{"line":127,"column":0},"end":{"line":127,"column":32}},"128":{"start":{"line":129,"column":0},"end":{"line":129,"column":12}},"129":{"start":{"line":130,"column":0},"end":{"line":130,"column":38}},"130":{"start":{"line":131,"column":0},"end":{"line":131,"column":4}},"131":{"start":{"line":132,"column":0},"end":{"line":132,"column":3}},"133":{"start":{"line":134,"column":0},"end":{"line":134,"column":60}},"134":{"start":{"line":135,"column":0},"end":{"line":135,"column":39}},"135":{"start":{"line":136,"column":0},"end":{"line":136,"column":53}},"137":{"start":{"line":138,"column":0},"end":{"line":138,"column":12}},"138":{"start":{"line":139,"column":0},"end":{"line":139,"column":11}},"139":{"start":{"line":140,"column":0},"end":{"line":140,"column":14}},"140":{"start":{"line":141,"column":0},"end":{"line":141,"column":29}},"141":{"start":{"line":142,"column":0},"end":{"line":142,"column":5}},"142":{"start":{"line":143,"column":0},"end":{"line":143,"column":5}},"143":{"start":{"line":144,"column":0},"end":{"line":144,"column":3}},"145":{"start":{"line":146,"column":0},"end":{"line":146,"column":68}},"146":{"start":{"line":147,"column":0},"end":{"line":147,"column":12}},"147":{"start":{"line":148,"column":0},"end":{"line":148,"column":41}},"148":{"start":{"line":149,"column":0},"end":{"line":149,"column":5}},"149":{"start":{"line":150,"column":0},"end":{"line":150,"column":3}},"151":{"start":{"line":152,"column":0},"end":{"line":152,"column":26}}},"s":{"0":1,"1":1,"2":1,"3":1,"4":1,"5":1,"8":1,"10":1,"11":1,"12":1,"13":1,"14":1,"15":1,"16":1,"18":1,"19":1,"20":1,"21":1,"23":1,"24":3,"25":3,"26":0,"27":0,"28":0,"29":0,"31":0,"32":0,"34":3,"36":3,"37":3,"38":3,"39":3,"40":3,"41":3,"44":3,"45":0,"46":0,"47":0,"49":3,"51":3,"52":1,"53":1,"54":1,"56":2,"57":2,"58":2,"60":2,"61":2,"62":2,"63":2,"64":2,"65":2,"66":2,"68":3,"69":0,"70":0,"72":3,"74":1,"75":5,"76":5,"77":1,"78":1,"79":1,"80":1,"82":1,"83":1,"85":4,"87":4,"89":4,"91":4,"92":4,"93":4,"94":4,"95":4,"96":4,"97":4,"98":4,"99":4,"100":4,"102":5,"103":0,"104":0,"105":5,"106":0,"107":0,"108":0,"110":0,"111":0,"113":4,"114":4,"115":4,"117":4,"118":4,"119":4,"120":4,"121":4,"122":4,"123":4,"125":1,"126":1,"128":1,"129":1,"130":1,"131":1,"133":1,"134":3,"135":3,"137":3,"138":3,"139":3,"140":3,"141":3,"142":3,"143":3,"145":1,"146":1,"147":1,"148":1,"149":1,"151":1},"branchMap":{"0":{"type":"branch","line":24,"loc":{"start":{"line":24,"column":26},"end":{"line":73,"column":2}},"locations":[{"start":{"line":24,"column":26},"end":{"line":73,"column":2}}]},"1":{"type":"branch","line":26,"loc":{"start":{"line":26,"column":25},"end":{"line":33,"column":5}},"locations":[{"start":{"line":26,"column":25},"end":{"line":33,"column":5}}]},"2":{"type":"branch","line":45,"loc":{"start":{"line":45,"column":19},"end":{"line":48,"column":9}},"locations":[{"start":{"line":45,"column":19},"end":{"line":48,"column":9}}]},"3":{"type":"branch","line":52,"loc":{"start":{"line":52,"column":28},"end":{"line":69,"column":13}},"locations":[{"start":{"line":52,"column":28},"end":{"line":69,"column":13}}]},"4":{"type":"branch","line":52,"loc":{"start":{"line":52,"column":28},"end":{"line":55,"column":9}},"locations":[{"start":{"line":52,"column":28},"end":{"line":55,"column":9}}]},"5":{"type":"branch","line":69,"loc":{"start":{"line":69,"column":4},"end":{"line":71,"column":5}},"locations":[{"start":{"line":69,"column":4},"end":{"line":71,"column":5}}]},"6":{"type":"branch","line":75,"loc":{"start":{"line":75,"column":29},"end":{"line":124,"column":3}},"locations":[{"start":{"line":75,"column":29},"end":{"line":124,"column":3}}]},"7":{"type":"branch","line":77,"loc":{"start":{"line":77,"column":23},"end":{"line":103,"column":15}},"locations":[{"start":{"line":77,"column":23},"end":{"line":103,"column":15}}]},"8":{"type":"branch","line":77,"loc":{"start":{"line":77,"column":23},"end":{"line":84,"column":3}},"locations":[{"start":{"line":77,"column":23},"end":{"line":84,"column":3}}]},"9":{"type":"branch","line":103,"loc":{"start":{"line":103,"column":15},"end":{"line":105,"column":5}},"locations":[{"start":{"line":103,"column":15},"end":{"line":105,"column":5}}]},"10":{"type":"branch","line":106,"loc":{"start":{"line":106,"column":2},"end":{"line":112,"column":3}},"locations":[{"start":{"line":106,"column":2},"end":{"line":112,"column":3}}]},"11":{"type":"branch","line":112,"loc":{"start":{"line":112,"column":2},"end":{"line":124,"column":3}},"locations":[{"start":{"line":112,"column":2},"end":{"line":124,"column":3}}]},"12":{"type":"branch","line":126,"loc":{"start":{"line":126,"column":38},"end":{"line":132,"column":3}},"locations":[{"start":{"line":126,"column":38},"end":{"line":132,"column":3}}]},"13":{"type":"branch","line":134,"loc":{"start":{"line":134,"column":39},"end":{"line":144,"column":3}},"locations":[{"start":{"line":134,"column":39},"end":{"line":144,"column":3}}]},"14":{"type":"branch","line":146,"loc":{"start":{"line":146,"column":47},"end":{"line":150,"column":3}},"locations":[{"start":{"line":146,"column":47},"end":{"line":150,"column":3}}]}},"b":{"0":[3],"1":[0],"2":[0],"3":[2],"4":[1],"5":[0],"6":[5],"7":[4],"8":[1],"9":[0],"10":[0],"11":[4],"12":[1],"13":[3],"14":[1]},"fnMap":{},"f":{}}
,"C:\\Users\\Amand\\OneDrive\\Documents\\JHU-undergrad\\Senior Year\\Senior Spring\\OOSE\\oose attempts bruh\\team-05\\api\\src\\routes\\bookmark.routes.ts": {"path":"C:\\Users\\Amand\\OneDrive\\Documents\\JHU-undergrad\\Senior Year\\Senior Spring\\OOSE\\oose attempts bruh\\team-05\\api\\src\\routes\\bookmark.routes.ts","all":false,"statementMap":{"0":{"start":{"line":1,"column":0},"end":{"line":1,"column":33}},"1":{"start":{"line":2,"column":0},"end":{"line":2,"column":44}},"2":{"start":{"line":3,"column":0},"end":{"line":3,"column":50}},"4":{"start":{"line":5,"column":0},"end":{"line":5,"column":24}},"7":{"start":{"line":8,"column":0},"end":{"line":8,"column":50}},"8":{"start":{"line":9,"column":0},"end":{"line":9,"column":50}},"9":{"start":{"line":10,"column":0},"end":{"line":10,"column":12}},"10":{"start":{"line":11,"column":0},"end":{"line":11,"column":18}},"11":{"start":{"line":12,"column":0},"end":{"line":12,"column":15}},"12":{"start":{"line":13,"column":0},"end":{"line":13,"column":37}},"13":{"start":{"line":14,"column":0},"end":{"line":14,"column":9}},"14":{"start":{"line":15,"column":0},"end":{"line":15,"column":7}},"15":{"start":{"line":16,"column":0},"end":{"line":16,"column":6}},"16":{"start":{"line":17,"column":0},"end":{"line":17,"column":14}},"17":{"start":{"line":18,"column":0},"end":{"line":18,"column":19}},"18":{"start":{"line":19,"column":0},"end":{"line":19,"column":18}},"19":{"start":{"line":20,"column":0},"end":{"line":20,"column":21}},"20":{"start":{"line":21,"column":0},"end":{"line":21,"column":5}},"21":{"start":{"line":22,"column":0},"end":{"line":22,"column":5}},"23":{"start":{"line":24,"column":0},"end":{"line":24,"column":19}},"24":{"start":{"line":25,"column":0},"end":{"line":25,"column":26}},"25":{"start":{"line":26,"column":0},"end":{"line":26,"column":36}},"26":{"start":{"line":27,"column":0},"end":{"line":27,"column":7}},"28":{"start":{"line":29,"column":0},"end":{"line":29,"column":11}},"29":{"start":{"line":30,"column":0},"end":{"line":30,"column":3}},"31":{"start":{"line":32,"column":0},"end":{"line":32,"column":41}},"32":{"start":{"line":33,"column":0},"end":{"line":33,"column":16}},"33":{"start":{"line":34,"column":0},"end":{"line":34,"column":33}},"34":{"start":{"line":35,"column":0},"end":{"line":35,"column":74}},"35":{"start":{"line":36,"column":0},"end":{"line":36,"column":65}},"36":{"start":{"line":37,"column":0},"end":{"line":37,"column":82}},"37":{"start":{"line":38,"column":0},"end":{"line":38,"column":7}},"38":{"start":{"line":39,"column":0},"end":{"line":39,"column":3}},"42":{"start":{"line":43,"column":0},"end":{"line":43,"column":59}},"43":{"start":{"line":44,"column":0},"end":{"line":44,"column":35}},"45":{"start":{"line":46,"column":0},"end":{"line":46,"column":7}},"46":{"start":{"line":47,"column":0},"end":{"line":47,"column":34}},"47":{"start":{"line":48,"column":0},"end":{"line":48,"column":13}},"48":{"start":{"line":49,"column":0},"end":{"line":49,"column":36}},"49":{"start":{"line":50,"column":0},"end":{"line":50,"column":35}},"50":{"start":{"line":51,"column":0},"end":{"line":51,"column":7}},"51":{"start":{"line":52,"column":0},"end":{"line":52,"column":9}},"53":{"start":{"line":54,"column":0},"end":{"line":54,"column":14}},"54":{"start":{"line":55,"column":0},"end":{"line":55,"column":19}},"55":{"start":{"line":56,"column":0},"end":{"line":56,"column":7}},"56":{"start":{"line":57,"column":0},"end":{"line":57,"column":19}},"57":{"start":{"line":58,"column":0},"end":{"line":58,"column":26}},"58":{"start":{"line":59,"column":0},"end":{"line":59,"column":20}},"59":{"start":{"line":60,"column":0},"end":{"line":60,"column":6}},"60":{"start":{"line":61,"column":0},"end":{"line":61,"column":3}},"61":{"start":{"line":62,"column":0},"end":{"line":62,"column":3}},"64":{"start":{"line":65,"column":0},"end":{"line":65,"column":61}},"65":{"start":{"line":66,"column":0},"end":{"line":66,"column":35}},"67":{"start":{"line":68,"column":0},"end":{"line":68,"column":7}},"68":{"start":{"line":69,"column":0},"end":{"line":69,"column":38}},"69":{"start":{"line":70,"column":0},"end":{"line":70,"column":14}},"70":{"start":{"line":71,"column":0},"end":{"line":71,"column":36}},"71":{"start":{"line":72,"column":0},"end":{"line":72,"column":35}},"72":{"start":{"line":73,"column":0},"end":{"line":73,"column":7}},"73":{"start":{"line":74,"column":0},"end":{"line":74,"column":7}},"75":{"start":{"line":76,"column":0},"end":{"line":76,"column":14}},"76":{"start":{"line":77,"column":0},"end":{"line":77,"column":19}},"77":{"start":{"line":78,"column":0},"end":{"line":78,"column":7}},"78":{"start":{"line":79,"column":0},"end":{"line":79,"column":19}},"79":{"start":{"line":80,"column":0},"end":{"line":80,"column":26}},"80":{"start":{"line":81,"column":0},"end":{"line":81,"column":20}},"81":{"start":{"line":82,"column":0},"end":{"line":82,"column":6}},"82":{"start":{"line":83,"column":0},"end":{"line":83,"column":3}},"83":{"start":{"line":84,"column":0},"end":{"line":84,"column":3}},"85":{"start":{"line":86,"column":0},"end":{"line":86,"column":22}}},"s":{"0":1,"1":1,"2":1,"4":1,"7":1,"8":1,"9":1,"10":1,"11":1,"12":1,"13":1,"14":1,"15":1,"16":1,"17":1,"18":1,"19":1,"20":1,"21":1,"23":1,"24":1,"25":1,"26":1,"28":1,"29":1,"31":0,"32":0,"33":0,"34":0,"35":0,"36":0,"37":0,"38":0,"42":1,"43":1,"45":1,"46":1,"47":1,"48":1,"49":1,"50":1,"51":1,"53":1,"54":1,"55":1,"56":1,"57":0,"58":0,"59":0,"60":0,"61":1,"64":1,"65":1,"67":1,"68":1,"69":1,"70":1,"71":1,"72":1,"73":1,"75":1,"76":1,"77":1,"78":1,"79":0,"80":0,"81":0,"82":0,"83":1,"85":1},"branchMap":{"0":{"type":"branch","line":8,"loc":{"start":{"line":8,"column":29},"end":{"line":39,"column":3}},"locations":[{"start":{"line":8,"column":29},"end":{"line":39,"column":3}}]},"1":{"type":"branch","line":30,"loc":{"start":{"line":30,"column":2},"end":{"line":39,"column":3}},"locations":[{"start":{"line":30,"column":2},"end":{"line":39,"column":3}}]},"2":{"type":"branch","line":43,"loc":{"start":{"line":43,"column":38},"end":{"line":62,"column":3}},"locations":[{"start":{"line":43,"column":38},"end":{"line":62,"column":3}}]},"3":{"type":"branch","line":57,"loc":{"start":{"line":57,"column":2},"end":{"line":61,"column":3}},"locations":[{"start":{"line":57,"column":2},"end":{"line":61,"column":3}}]},"4":{"type":"branch","line":65,"loc":{"start":{"line":65,"column":40},"end":{"line":84,"column":3}},"locations":[{"start":{"line":65,"column":40},"end":{"line":84,"column":3}}]},"5":{"type":"branch","line":79,"loc":{"start":{"line":79,"column":2},"end":{"line":83,"column":3}},"locations":[{"start":{"line":79,"column":2},"end":{"line":83,"column":3}}]}},"b":{"0":[1],"1":[0],"2":[1],"3":[0],"4":[1],"5":[0]},"fnMap":{},"f":{}}
,"C:\\Users\\Amand\\OneDrive\\Documents\\JHU-undergrad\\Senior Year\\Senior Spring\\OOSE\\oose attempts bruh\\team-05\\api\\src\\routes\\comments.ts": {"path":"C:\\Users\\Amand\\OneDrive\\Documents\\JHU-undergrad\\Senior Year\\Senior Spring\\OOSE\\oose attempts bruh\\team-05\\api\\src\\routes\\comments.ts","all":false,"statementMap":{"0":{"start":{"line":1,"column":0},"end":{"line":1,"column":29}},"1":{"start":{"line":2,"column":0},"end":{"line":2,"column":24}},"2":{"start":{"line":3,"column":0},"end":{"line":3,"column":44}},"3":{"start":{"line":4,"column":0},"end":{"line":4,"column":50}},"6":{"start":{"line":7,"column":0},"end":{"line":7,"column":40}},"9":{"start":{"line":10,"column":0},"end":{"line":10,"column":28}},"10":{"start":{"line":11,"column":0},"end":{"line":11,"column":24}},"11":{"start":{"line":12,"column":0},"end":{"line":12,"column":3}},"13":{"start":{"line":14,"column":0},"end":{"line":14,"column":31}},"14":{"start":{"line":15,"column":0},"end":{"line":15,"column":19}},"15":{"start":{"line":16,"column":0},"end":{"line":16,"column":35}},"16":{"start":{"line":17,"column":0},"end":{"line":17,"column":25}},"17":{"start":{"line":18,"column":0},"end":{"line":18,"column":3}},"19":{"start":{"line":20,"column":0},"end":{"line":20,"column":31}},"20":{"start":{"line":21,"column":0},"end":{"line":21,"column":26}},"21":{"start":{"line":22,"column":0},"end":{"line":22,"column":24}},"22":{"start":{"line":23,"column":0},"end":{"line":23,"column":3}},"25":{"start":{"line":26,"column":0},"end":{"line":26,"column":135}},"27":{"start":{"line":28,"column":0},"end":{"line":28,"column":84}},"28":{"start":{"line":29,"column":0},"end":{"line":29,"column":26}},"29":{"start":{"line":30,"column":0},"end":{"line":30,"column":30}},"30":{"start":{"line":31,"column":0},"end":{"line":31,"column":34}},"31":{"start":{"line":32,"column":0},"end":{"line":32,"column":53}},"32":{"start":{"line":33,"column":0},"end":{"line":33,"column":10}},"34":{"start":{"line":35,"column":0},"end":{"line":35,"column":15}},"35":{"start":{"line":36,"column":0},"end":{"line":36,"column":5}},"37":{"start":{"line":38,"column":0},"end":{"line":38,"column":29}},"38":{"start":{"line":39,"column":0},"end":{"line":39,"column":52}},"39":{"start":{"line":40,"column":0},"end":{"line":40,"column":17}},"40":{"start":{"line":41,"column":0},"end":{"line":41,"column":36}},"41":{"start":{"line":42,"column":0},"end":{"line":42,"column":11}},"42":{"start":{"line":43,"column":0},"end":{"line":43,"column":18}},"43":{"start":{"line":44,"column":0},"end":{"line":44,"column":25}},"44":{"start":{"line":45,"column":0},"end":{"line":45,"column":10}},"45":{"start":{"line":46,"column":0},"end":{"line":46,"column":7}},"47":{"start":{"line":48,"column":0},"end":{"line":48,"column":20}},"48":{"start":{"line":49,"column":0},"end":{"line":49,"column":64}},"49":{"start":{"line":50,"column":0},"end":{"line":50,"column":15}},"50":{"start":{"line":51,"column":0},"end":{"line":51,"column":5}},"52":{"start":{"line":53,"column":0},"end":{"line":53,"column":23}},"54":{"start":{"line":55,"column":0},"end":{"line":55,"column":2}},"57":{"start":{"line":58,"column":0},"end":{"line":58,"column":81}},"58":{"start":{"line":59,"column":0},"end":{"line":59,"column":53}},"59":{"start":{"line":60,"column":0},"end":{"line":60,"column":27}},"60":{"start":{"line":61,"column":0},"end":{"line":61,"column":30}},"61":{"start":{"line":62,"column":0},"end":{"line":62,"column":37}},"62":{"start":{"line":63,"column":0},"end":{"line":63,"column":54}},"63":{"start":{"line":64,"column":0},"end":{"line":64,"column":11}},"64":{"start":{"line":65,"column":0},"end":{"line":65,"column":15}},"65":{"start":{"line":66,"column":0},"end":{"line":66,"column":5}},"67":{"start":{"line":68,"column":0},"end":{"line":68,"column":49}},"69":{"start":{"line":70,"column":0},"end":{"line":70,"column":51}},"70":{"start":{"line":71,"column":0},"end":{"line":71,"column":25}},"71":{"start":{"line":72,"column":0},"end":{"line":72,"column":7}},"73":{"start":{"line":74,"column":0},"end":{"line":74,"column":18}},"74":{"start":{"line":75,"column":0},"end":{"line":75,"column":62}},"75":{"start":{"line":76,"column":0},"end":{"line":76,"column":15}},"76":{"start":{"line":77,"column":0},"end":{"line":77,"column":5}},"78":{"start":{"line":79,"column":0},"end":{"line":79,"column":49}},"79":{"start":{"line":80,"column":0},"end":{"line":80,"column":31}},"80":{"start":{"line":81,"column":0},"end":{"line":81,"column":7}},"82":{"start":{"line":83,"column":0},"end":{"line":83,"column":18}},"83":{"start":{"line":84,"column":0},"end":{"line":84,"column":62}},"84":{"start":{"line":85,"column":0},"end":{"line":85,"column":15}},"85":{"start":{"line":86,"column":0},"end":{"line":86,"column":5}},"88":{"start":{"line":89,"column":0},"end":{"line":89,"column":49}},"89":{"start":{"line":90,"column":0},"end":{"line":90,"column":15}},"90":{"start":{"line":91,"column":0},"end":{"line":91,"column":20}},"91":{"start":{"line":92,"column":0},"end":{"line":92,"column":25}},"92":{"start":{"line":93,"column":0},"end":{"line":93,"column":31}},"93":{"start":{"line":94,"column":0},"end":{"line":94,"column":10}},"94":{"start":{"line":95,"column":0},"end":{"line":95,"column":18}},"95":{"start":{"line":96,"column":0},"end":{"line":96,"column":26}},"96":{"start":{"line":97,"column":0},"end":{"line":97,"column":25}},"97":{"start":{"line":98,"column":0},"end":{"line":98,"column":9}},"98":{"start":{"line":99,"column":0},"end":{"line":99,"column":7}},"101":{"start":{"line":102,"column":0},"end":{"line":102,"column":26}},"102":{"start":{"line":103,"column":0},"end":{"line":103,"column":48}},"103":{"start":{"line":104,"column":0},"end":{"line":104,"column":16}},"104":{"start":{"line":105,"column":0},"end":{"line":105,"column":7}},"106":{"start":{"line":107,"column":0},"end":{"line":107,"column":2}},"109":{"start":{"line":110,"column":0},"end":{"line":110,"column":94}},"111":{"start":{"line":112,"column":0},"end":{"line":112,"column":55}},"112":{"start":{"line":113,"column":0},"end":{"line":113,"column":27}},"113":{"start":{"line":114,"column":0},"end":{"line":114,"column":30}},"114":{"start":{"line":115,"column":0},"end":{"line":115,"column":34}},"115":{"start":{"line":116,"column":0},"end":{"line":116,"column":54}},"116":{"start":{"line":117,"column":0},"end":{"line":117,"column":10}},"118":{"start":{"line":119,"column":0},"end":{"line":119,"column":15}},"119":{"start":{"line":120,"column":0},"end":{"line":120,"column":5}},"121":{"start":{"line":122,"column":0},"end":{"line":122,"column":49}},"123":{"start":{"line":124,"column":0},"end":{"line":124,"column":51}},"124":{"start":{"line":125,"column":0},"end":{"line":125,"column":41}},"125":{"start":{"line":126,"column":0},"end":{"line":126,"column":7}},"128":{"start":{"line":129,"column":0},"end":{"line":129,"column":18}},"129":{"start":{"line":130,"column":0},"end":{"line":130,"column":62}},"130":{"start":{"line":131,"column":0},"end":{"line":131,"column":15}},"131":{"start":{"line":132,"column":0},"end":{"line":132,"column":5}},"133":{"start":{"line":134,"column":0},"end":{"line":134,"column":53}},"134":{"start":{"line":135,"column":0},"end":{"line":135,"column":43}},"135":{"start":{"line":136,"column":0},"end":{"line":136,"column":33}},"136":{"start":{"line":137,"column":0},"end":{"line":137,"column":7}},"138":{"start":{"line":139,"column":0},"end":{"line":139,"column":19}},"139":{"start":{"line":140,"column":0},"end":{"line":140,"column":63}},"140":{"start":{"line":141,"column":0},"end":{"line":141,"column":15}},"141":{"start":{"line":142,"column":0},"end":{"line":142,"column":5}},"143":{"start":{"line":144,"column":0},"end":{"line":144,"column":51}},"144":{"start":{"line":145,"column":0},"end":{"line":145,"column":84}},"145":{"start":{"line":146,"column":0},"end":{"line":146,"column":15}},"146":{"start":{"line":147,"column":0},"end":{"line":147,"column":5}},"149":{"start":{"line":150,"column":0},"end":{"line":150,"column":33}},"150":{"start":{"line":151,"column":0},"end":{"line":151,"column":42}},"151":{"start":{"line":152,"column":0},"end":{"line":152,"column":7}},"153":{"start":{"line":154,"column":0},"end":{"line":154,"column":27}},"154":{"start":{"line":155,"column":0},"end":{"line":155,"column":49}},"155":{"start":{"line":156,"column":0},"end":{"line":156,"column":21}},"156":{"start":{"line":157,"column":0},"end":{"line":157,"column":7}},"158":{"start":{"line":159,"column":0},"end":{"line":159,"column":2}},"160":{"start":{"line":161,"column":0},"end":{"line":161,"column":30}}},"s":{"0":1,"1":1,"2":1,"3":1,"6":1,"9":1,"10":1,"11":1,"13":1,"14":1,"15":1,"16":1,"17":1,"19":1,"20":1,"21":1,"22":1,"25":1,"27":1,"28":1,"29":0,"30":0,"31":0,"32":0,"34":0,"35":0,"37":1,"38":1,"39":1,"40":1,"41":1,"42":1,"43":1,"44":1,"45":1,"47":1,"48":0,"49":0,"50":0,"52":1,"54":1,"57":1,"58":0,"59":0,"60":0,"61":0,"62":0,"63":0,"64":0,"65":0,"67":0,"69":0,"70":0,"71":0,"73":0,"74":0,"75":0,"76":0,"78":0,"79":0,"80":0,"82":0,"83":0,"84":0,"85":0,"88":0,"89":0,"90":0,"91":0,"92":0,"93":0,"94":0,"95":0,"96":0,"97":0,"98":0,"101":0,"102":0,"103":0,"104":0,"106":0,"109":1,"111":1,"112":1,"113":0,"114":0,"115":0,"116":0,"118":0,"119":0,"121":1,"123":1,"124":1,"125":1,"128":1,"129":0,"130":0,"131":0,"133":1,"134":
[...]
:20}},"13":{"start":{"line":14,"column":0},"end":{"line":14,"column":7}},"15":{"start":{"line":16,"column":0},"end":{"line":16,"column":56}},"16":{"start":{"line":17,"column":0},"end":{"line":17,"column":32}},"17":{"start":{"line":18,"column":0},"end":{"line":18,"column":16}},"18":{"start":{"line":19,"column":0},"end":{"line":19,"column":22}},"19":{"start":{"line":20,"column":0},"end":{"line":20,"column":19}},"20":{"start":{"line":21,"column":0},"end":{"line":21,"column":32}},"21":{"start":{"line":22,"column":0},"end":{"line":22,"column":36}},"22":{"start":{"line":23,"column":0},"end":{"line":23,"column":33}},"23":{"start":{"line":24,"column":0},"end":{"line":24,"column":40}},"24":{"start":{"line":25,"column":0},"end":{"line":25,"column":36}},"25":{"start":{"line":26,"column":0},"end":{"line":26,"column":37}},"26":{"start":{"line":27,"column":0},"end":{"line":27,"column":11}},"27":{"start":{"line":28,"column":0},"end":{"line":28,"column":9}},"28":{"start":{"line":29,"column":0},"end":{"line":29,"column":7}},"29":{"start":{"line":30,"column":0},"end":{"line":30,"column":7}},"31":{"start":{"line":32,"column":0},"end":{"line":32,"column":17}},"32":{"start":{"line":33,"column":0},"end":{"line":33,"column":61}},"33":{"start":{"line":34,"column":0},"end":{"line":34,"column":5}},"35":{"start":{"line":36,"column":0},"end":{"line":36,"column":78}},"36":{"start":{"line":37,"column":0},"end":{"line":37,"column":75}},"37":{"start":{"line":38,"column":0},"end":{"line":38,"column":74}},"40":{"start":{"line":41,"column":0},"end":{"line":41,"column":54}},"41":{"start":{"line":42,"column":0},"end":{"line":42,"column":47}},"42":{"start":{"line":43,"column":0},"end":{"line":43,"column":86}},"43":{"start":{"line":44,"column":0},"end":{"line":44,"column":87}},"44":{"start":{"line":45,"column":0},"end":{"line":45,"column":43}},"47":{"start":{"line":48,"column":0},"end":{"line":48,"column":95}},"49":{"start":{"line":50,"column":0},"end":{"line":50,"column":17}},"50":{"start":{"line":51,"column":0},"end":{"line":51,"column":37}},"51":{"start":{"line":52,"column":0},"end":{"line":52,"column":5}},"54":{"start":{"line":55,"column":0},"end":{"line":55,"column":52}},"55":{"start":{"line":56,"column":0},"end":{"line":56,"column":38}},"56":{"start":{"line":57,"column":0},"end":{"line":57,"column":19}},"57":{"start":{"line":58,"column":0},"end":{"line":58,"column":67}},"58":{"start":{"line":59,"column":0},"end":{"line":59,"column":16}},"59":{"start":{"line":60,"column":0},"end":{"line":60,"column":13}},"61":{"start":{"line":62,"column":0},"end":{"line":62,"column":19}},"62":{"start":{"line":63,"column":0},"end":{"line":63,"column":11}},"63":{"start":{"line":64,"column":0},"end":{"line":64,"column":32}},"64":{"start":{"line":65,"column":0},"end":{"line":65,"column":62}},"65":{"start":{"line":66,"column":0},"end":{"line":66,"column":28}},"66":{"start":{"line":67,"column":0},"end":{"line":67,"column":81}},"67":{"start":{"line":68,"column":0},"end":{"line":68,"column":7}},"68":{"start":{"line":69,"column":0},"end":{"line":69,"column":5}},"69":{"start":{"line":70,"column":0},"end":{"line":70,"column":3}},"70":{"start":{"line":71,"column":0},"end":{"line":71,"column":1}},"72":{"start":{"line":73,"column":0},"end":{"line":73,"column":86}},"73":{"start":{"line":74,"column":0},"end":{"line":74,"column":46}},"74":{"start":{"line":75,"column":0},"end":{"line":75,"column":1}}},"s":{"0":1,"1":1,"2":1,"3":1,"4":1,"5":1,"6":1,"8":1,"10":1,"11":1,"13":1,"15":1,"16":1,"17":1,"18":1,"19":1,"20":1,"21":1,"22":1,"23":1,"24":1,"25":1,"26":1,"27":1,"28":1,"29":1,"31":1,"32":0,"33":0,"35":1,"36":1,"37":1,"40":1,"41":1,"42":1,"43":1,"44":1,"47":1,"49":0,"50":0,"51":0,"54":0,"55":0,"56":1,"57":1,"58":1,"59":1,"61":1,"62":1,"63":1,"64":1,"65":1,"66":0,"67":0,"68":1,"69":1,"70":1,"72":1,"73":1,"74":1},"branchMap":{"0":{"type":"branch","line":11,"loc":{"start":{"line":11,"column":0},"end":{"line":71,"column":1}},"locations":[{"start":{"line":11,"column":0},"end":{"line":71,"column":1}}]},"1":{"type":"branch","line":32,"loc":{"start":{"line":32,"column":16},"end":{"line":34,"column":5}},"locations":[{"start":{"line":32,"column":16},"end":{"line":34,"column":5}}]},"2":{"type":"branch","line":48,"loc":{"start":{"line":48,"column":93},"end":{"line":57,"column":11}},"locations":[{"start":{"line":48,"column":93},"end":{"line":57,"column":11}}]},"3":{"type":"branch","line":60,"loc":{"start":{"line":60,"column":2},"end":{"line":60,"column":4}},"locations":[{"start":{"line":60,"column":2},"end":{"line":60,"column":4}}]},"4":{"type":"branch","line":66,"loc":{"start":{"line":66,"column":6},"end":{"line":68,"column":7}},"locations":[{"start":{"line":66,"column":6},"end":{"line":68,"column":7}}]},"5":{"type":"branch","line":73,"loc":{"start":{"line":73,"column":0},"end":{"line":75,"column":1}},"locations":[{"start":{"line":73,"column":0},"end":{"line":75,"column":1}}]}},"b":{"0":[1],"1":[0],"2":[0],"3":[0],"4":[0],"5":[1]},"fnMap":{"0":{"name":"generatePartyVector","decl":{"start":{"line":11,"column":0},"end":{"line":71,"column":1}},"loc":{"start":{"line":11,"column":0},"end":{"line":71,"column":1}},"line":11},"1":{"name":"generateFeaturePartyVector","decl":{"start":{"line":73,"column":0},"end":{"line":75,"column":1}},"loc":{"start":{"line":73,"column":0},"end":{"line":75,"column":1}},"line":73}},"f":{"0":1,"1":1}}
,"C:\\Users\\Amand\\OneDrive\\Documents\\JHU-undergrad\\Senior Year\\Senior Spring\\OOSE\\oose attempts bruh\\team-05\\api\\src\\services\\recipe-similarity.ts": {"path":"C:\\Users\\Amand\\OneDrive\\Documents\\JHU-undergrad\\Senior Year\\Senior Spring\\OOSE\\oose attempts bruh\\team-05\\api\\src\\services\\recipe-similarity.ts","all":false,"statementMap":{"0":{"start":{"line":1,"column":0},"end":{"line":1,"column":44}},"5":{"start":{"line":6,"column":0},"end":{"line":6,"column":91}},"6":{"start":{"line":7,"column":0},"end":{"line":7,"column":63}},"7":{"start":{"line":8,"column":0},"end":{"line":8,"column":34}},"8":{"start":{"line":9,"column":0},"end":{"line":9,"column":5}},"10":{"start":{"line":11,"column":0},"end":{"line":11,"column":63}},"11":{"start":{"line":12,"column":0},"end":{"line":12,"column":34}},"12":{"start":{"line":13,"column":0},"end":{"line":13,"column":5}},"15":{"start":{"line":16,"column":0},"end":{"line":16,"column":45}},"16":{"start":{"line":17,"column":0},"end":{"line":17,"column":58}},"17":{"start":{"line":18,"column":0},"end":{"line":18,"column":3}},"19":{"start":{"line":20,"column":0},"end":{"line":20,"column":67}},"20":{"start":{"line":21,"column":0},"end":{"line":21,"column":1}},"25":{"start":{"line":26,"column":0},"end":{"line":26,"column":96}},"27":{"start":{"line":28,"column":0},"end":{"line":28,"column":50}},"28":{"start":{"line":29,"column":0},"end":{"line":29,"column":29}},"29":{"start":{"line":30,"column":0},"end":{"line":30,"column":62}},"30":{"start":{"line":31,"column":0},"end":{"line":31,"column":5}},"32":{"start":{"line":33,"column":0},"end":{"line":33,"column":50}},"33":{"start":{"line":34,"column":0},"end":{"line":34,"column":29}},"34":{"start":{"line":35,"column":0},"end":{"line":35,"column":62}},"35":{"start":{"line":36,"column":0},"end":{"line":36,"column":5}},"37":{"start":{"line":38,"column":0},"end":{"line":38,"column":29}},"38":{"start":{"line":39,"column":0},"end":{"line":39,"column":81}},"39":{"start":{"line":40,"column":0},"end":{"line":40,"column":3}},"41":{"start":{"line":42,"column":0},"end":{"line":42,"column":16}},"43":{"start":{"line":44,"column":0},"end":{"line":44,"column":78}},"44":{"start":{"line":45,"column":0},"end":{"line":45,"column":78}},"46":{"start":{"line":47,"column":0},"end":{"line":47,"column":86}},"49":{"start":{"line":50,"column":0},"end":{"line":50,"column":122}},"50":{"start":{"line":51,"column":0},"end":{"line":51,"column":35}},"51":{"start":{"line":52,"column":0},"end":{"line":52,"column":71}},"52":{"start":{"line":53,"column":0},"end":{"line":53,"column":3}},"55":{"start":{"line":56,"column":0},"end":{"line":56,"column":46}},"56":{"start":{"line":57,"column":0},"end":{"line":57,"column":17}},"57":{"start":{"line":58,"column":0},"end":{"line":58,"column":3}},"60":{"start":{"line":61,"column":0},"end":{"line":61,"column":45}},"61":{"start":{"line":62,"column":0},"end":{"line":62,"column":45}},"63":{"start":{"line":64,"column":0},"end":{"line":64,"column":72}},"64":{"start":{"line":65,"column":0},"end":{"line":65,"column":72}},"65":{"start":{"line":66,"column":0},"end":{"line":66,"column":68}},"67":{"start":{"line":68,"column":0},"end":{"line":68,"column":43}},"68":{"start":{"line":69,"column":0},"end":{"line":69,"column":77}},"69":{"start":{"line":70,"column":0},"end":{"line":70,"column":3}},"72":{"start":{"line":73,"column":0},"end":{"line":73,"column":48}},"73":{"start":{"line":74,"column":0},"end":{"line":74,"column":1}},"78":{"start":{"line":79,"column":0},"end":{"line":79,"column":79}},"80":{"start":{"line":81,"column":0},"end":{"line":81,"column":66}},"83":{"start":{"line":84,"column":0},"end":{"line":84,"column":64}},"84":{"start":{"line":85,"column":0},"end":{"line":85,"column":64}},"86":{"start":{"line":87,"column":0},"end":{"line":87,"column":41}},"88":{"start":{"line":89,"column":0},"end":{"line":89,"column":36}},"89":{"start":{"line":90,"column":0},"end":{"line":90,"column":1}},"95":{"start":{"line":96,"column":0},"end":{"line":96,"column":120}},"96":{"start":{"line":97,"column":0},"end":{"line":97,"column":79}},"99":{"start":{"line":100,"column":0},"end":{"line":100,"column":52}},"100":{"start":{"line":101,"column":0},"end":{"line":101,"column":12}},"101":{"start":{"line":102,"column":0},"end":{"line":102,"column":28}},"102":{"start":{"line":103,"column":0},"end":{"line":103,"column":21}},"103":{"start":{"line":104,"column":0},"end":{"line":104,"column":6}},"104":{"start":{"line":105,"column":0},"end":{"line":105,"column":24}},"105":{"start":{"line":106,"column":0},"end":{"line":106,"column":5}},"107":{"start":{"line":108,"column":0},"end":{"line":108,"column":51}},"109":{"start":{"line":110,"column":0},"end":{"line":110,"column":35}},"110":{"start":{"line":111,"column":0},"end":{"line":111,"column":59}},"111":{"start":{"line":112,"column":0},"end":{"line":112,"column":11}},"112":{"start":{"line":113,"column":0},"end":{"line":113,"column":3}},"115":{"start":{"line":116,"column":0},"end":{"line":116,"column":53}},"116":{"start":{"line":117,"column":0},"end":{"line":117,"column":12}},"117":{"start":{"line":118,"column":0},"end":{"line":118,"column":35}},"118":{"start":{"line":119,"column":0},"end":{"line":119,"column":21}},"119":{"start":{"line":120,"column":0},"end":{"line":120,"column":6}},"120":{"start":{"line":121,"column":0},"end":{"line":121,"column":24}},"121":{"start":{"line":122,"column":0},"end":{"line":122,"column":5}},"124":{"start":{"line":125,"column":0},"end":{"line":125,"column":74}},"125":{"start":{"line":126,"column":0},"end":{"line":126,"column":68}},"126":{"start":{"line":127,"column":0},"end":{"line":127,"column":45}},"127":{"start":{"line":128,"column":0},"end":{"line":128,"column":5}},"129":{"start":{"line":130,"column":0},"end":{"line":130,"column":77}},"132":{"start":{"line":133,"column":0},"end":{"line":133,"column":34}},"136":{"start":{"line":137,"column":0},"end":{"line":137,"column":10}},"139":{"start":{"line":140,"column":0},"end":{"line":140,"column":39}},"140":{"start":{"line":141,"column":0},"end":{"line":141,"column":45}},"143":{"start":{"line":144,"column":0},"end":{"line":144,"column":22}},"144":{"start":{"line":145,"column":0},"end":{"line":145,"column":73}},"145":{"start":{"line":146,"column":0},"end":{"line":146,"column":15}},"146":{"start":{"line":147,"column":0},"end":{"line":147,"column":5}},"149":{"start":{"line":150,"column":0},"end":{"line":150,"column":41}},"151":{"start":{"line":152,"column":0},"end":{"line":152,"column":39}},"153":{"start":{"line":154,"column":0},"end":{"line":154,"column":49}},"154":{"start":{"line":155,"column":0},"end":{"line":155,"column":33}},"156":{"start":{"line":157,"column":0},"end":{"line":157,"column":71}},"159":{"start":{"line":160,"column":0},"end":{"line":160,"column":30}},"160":{"start":{"line":161,"column":0},"end":{"line":161,"column":29}},"161":{"start":{"line":162,"column":0},"end":{"line":162,"column":33}},"162":{"start":{"line":163,"column":0},"end":{"line":163,"column":30}},"163":{"start":{"line":164,"column":0},"end":{"line":164,"column":9}},"166":{"start":{"line":167,"column":0},"end":{"line":167,"column":30}},"167":{"start":{"line":168,"column":0},"end":{"line":168,"column":30}},"168":{"start":{"line":169,"column":0},"end":{"line":169,"column":32}},"169":{"start":{"line":170,"column":0},"end":{"line":170,"column":30}},"170":{"start":{"line":171,"column":0},"end":{"line":171,"column":9}},"171":{"start":{"line":172,"column":0},"end":{"line":172,"column":5}},"172":{"start":{"line":173,"column":0},"end":{"line":173,"column":3}},"174":{"start":{"line":175,"column":0},"end":{"line":175,"column":43}},"176":{"start":{"line":177,"column":0},"end":{"line":177,"column":42}},"177":{"start":{"line":178,"column":0},"end":{"line":178,"column":14}},"178":{"start":{"line":179,"column":0},"end":{"line":179,"column":13}},"179":{"start":{"line":180,"column":0},"end":{"line":180,"column":50}},"180":{"start":{"line":181,"column":0},"end":{"line":181,"column":52}},"181":{"start":{"line":182,"column":0},"end":{"line":182,"column":9}},"182":{"start":{"line":183,"column":0},"end":{"line":183,"column":7}},"183":{"start":{"line":184,"column":0},"end":{"line":184,"column":7}},"187":{"start":{"line":188,"column":0},"end":{"line":188,"column":26}},"188":{"start":{"line":189,"column":0},"end":{"line":189,"column":67}},"189":{"start":{"line":190,"column":0},"end":{"line":190,"column":62}},"190":{"start":{"line":191,"column":0},"end":{"line":191,"column":44}},"191":{"start":{"line":192,"column":0},"end":{"line":192,"column":20}},"192":{"start":{"line":193,"column":0},"end":{"line":193,"column":28}},"193":{"start":{"line":194,"column":0},"end":{"line":194,"column":9}},"194":{"start":{"line":195,"column":0},"end":{"line":195,"column":5}},"197":{"start":{"line":198,"column":0},"end":{"line":198,"column":64}},"198":{"start":{"line":199,"column":0},"end":{"line":199,"column":105}},"201":{"start":{"line":202,"column":0},"end":{"line":202,"column":47}},"202":{"start":{"line":203,"column":0},"end":{"line":203,"column":66}},"203":{"start":{"line":204,"column":0},"end":{"line":204,"column":42}},"204":{"start":{"line":205,"column":0},"end":{"line":205,"column":44}},"205":{"start":{"line":206,"column":0},"end":{"line":206,"column":9}},"207":{"start":{"line":208,"column":0},"end":{"line":208,"column":53}},"208":{"start":{"line":209,"column":0},"end":{"line":209,"column":64}},"211":{"start":{"line":212,"column":0},"end":{"line":212,"column":46}},"212":{"start":{"line":213,"column":0},"end":{"line":213,"column":18}},"213":{"start":{"line":214,"column":0},"end":{"line":214,"column":38}},"214":{"start":{"line":215,"column":0},"end":{"line":215,"column":20}},"215":{"start":{"line":216,"column":0},"end":{"line":216,"column":51}},"216":{"start":{"line":217,"column":0},"end":{"line":217,"column":56}},"217":{"start":{"line":218,"column":0},"end":{"line":218,"column":15}},"218":{"start":{"line":219,"column":0},"end":{"line":219,"column":15}},"219":{"start":{"line":220,"column":0},"end":{"line":220,"column":11}},"220":{"start":{"line":221,"column":0},"end":{"line":221,"column":11}},"222":{"start":{"line":223,"column":0},"end":{"line":223,"column":7}},"223":{"start":{"line":224,"column":0},"end":{"line":224,"column":5}},"224":{"start":{"line":225,"column":0},"end":{"line":225,"column":6}},"225":{"start":{"line":226,"column":0},"end":{"line":226,"column":57}},"226":{"start":{"line":227,"column":0},"end":{"line":227,"column":5}},"228":{"start":{"line":229,"column":0},"end":{"line":229,"column":89}},"229":{"start":{"line":230,"column":0},"end":{"line":230,"column":1}},"232":{"start":{"line":233,"column":0},"end":{"line":233,"column":112}},"233":{"start":{"line":234,"column":0},"end":{"line":234,"column":69}},"234":{"start":{"line":235,"column":0},"end":{"line":235,"column":1}}},"s":{"0":1,"5":0,"6":0,"7":0,"8":0,"10":0,"11":0,"12":0,"15":0,"16":0,"17":0,"19":0,"20":0,"25":0,"27":0,"28":0,"29":0,"30":0,"32":0,"33":0,"34":0,"35":0,"37":0,"38":0,"39":0,"41":0,"43":0,"44":0,"46":0,"49":0,"50":0,"51":0,"52":0,"55":0,"56":0,"57":0,"60":0,"61":0,"63":0,"64":0,"65":0,"67":0,"68":0,"69":0,"72":0,"73":0,"78":1,"80":0,"83":0,"84":0,"86":0,"88":0,"89":0,"95":0,"96":0,"99":0,"100":0,"101":0,"102":0,"103":0,"104":0,"105":0,"107":0,"109":0,"110":0,"111":0,"112":0,"115":0,"116":0,"117":0,"118":0,"119":0,"120":0,"121":0,"124":0,"125":0,"126":0,"127":0,"129":0,"132":0,"136":0,"139":0,"140":0,"143":0,"144":0,"145":0,"146":0,"149":0,"151":0,"153":0,"154":0,"156":0,"159":0,"160":0,"161":0,"162":0,"163":0,"166":0,"167":0,"168":0,"169":0,"170":0,"171":0,"172":0,"174":0,"176":0,"177":0,"178":0,"179":0,"180":0,"181":0,"182":0,"183":0,"187":0,"188":0,"189":0,"190":0,"191":0,"192":0,"193":0,"194":0,"197":0,"198":0,"201":0,"202":0,"203":0,"204":0,"205":0,"207":0,"208":0,"211":0,"212":0,"213":0,"214":0,"215":0,"216":0,"217":0,"218":0,"219":0,"220":0,"222":0,"223":0,"224":0,"225":0,"226":0,"228":0,"229":0,"232":0,"233":0,"234":0},"branchMap":{},"b":{},"fnMap":{"0":{"name":"calculateSimilarity","decl":{"start":{"line":6,"column":0},"end":{"line":21,"column":1}},"loc":{"start":{"line":6,"column":0},"end":{"line":21,"column":1}},"line":6},"1":{"name":"calculateBasicSimilarity","decl":{"start":{"line":26,"column":0},"end":{"line":74,"column":1}},"loc":{"start":{"line":26,"column":0},"end":{"line":74,"column":1}},"line":26},"2":{"name":"calculateCosineSimilarity","decl":{"start":{"line":79,"column":7},"end":{"line":90,"column":1}},"loc":{"start":{"line":79,"column":7},"end":{"line":90,"column":1}},"line":79},"3":{"name":"batchProcessRecipeSimilarities","decl":{"start":{"line":96,"column":0},"end":{"line":230,"column":1}},"loc":{"start":{"line":96,"column":0},"end":{"line":230,"column":1}},"line":96},"4":{"name":"processRecipeSimilarities","decl":{"start":{"line":233,"column":0},"end":{"line":235,"column":1}},"loc":{"start":{"line":233,"column":0},"end":{"line":235,"column":1}},"line":233}},"f":{"0":0,"1":0,"2":0,"3":0,"4":0}}
,"C:\\Users\\Amand\\OneDrive\\Documents\\JHU-undergrad\\Senior Year\\Senior Spring\\OOSE\\oose attempts bruh\\team-05\\api\\src\\services\\scheduler.ts": {"path":"C:\\Users\\Amand\\OneDrive\\Documents\\JHU-undergrad\\Senior Year\\Senior Spring\\OOSE\\oose attempts bruh\\team-05\\api\\src\\services\\scheduler.ts","all":false,"statementMap":{"0":{"start":{"line":1,"column":0},"end":{"line":1,"column":29}},"1":{"start":{"line":2,"column":0},"end":{"line":2,"column":95}},"3":{"start":{"line":4,"column":0},"end":{"line":4,"column":39}},"5":{"start":{"line":6,"column":0},"end":{"line":6,"column":42}},"6":{"start":{"line":7,"column":0},"end":{"line":7,"column":9}},"7":{"start":{"line":8,"column":0},"end":{"line":8,"column":109}},"8":{"start":{"line":9,"column":0},"end":{"line":9,"column":124}},"9":{"start":{"line":10,"column":0},"end":{"line":10,"column":21}},"10":{"start":{"line":11,"column":0},"end":{"line":11,"column":68}},"11":{"start":{"line":12,"column":0},"end":{"line":12,"column":5}},"12":{"start":{"line":13,"column":0},"end":{"line":13,"column":5}},"14":{"start":{"line":15,"column":0},"end":{"line":15,"column":43}},"15":{"start":{"line":16,"column":0},"end":{"line":16,"column":1}}},"s":{"0":1,"1":1,"3":1,"5":13,"6":0,"7":0,"8":0,"9":0,"10":0,"11":0,"12":13,"14":13,"15":13},"branchMap":{"0":{"type":"branch","line":4,"loc":{"start":{"line":4,"column":7},"end":{"line":16,"column":1}},"locations":[{"start":{"line":4,"column":7},"end":{"line":16,"column":1}}]}},"b":{"0":[13]},"fnMap":{"0":{"name":"startBackgroundJobs","decl":{"start":{"line":4,"column":7},"end":{"line":16,"column":1}},"loc":{"start":{"line":4,"column":7},"end":{"line":16,"column":1}},"line":4}},"f":{"0":13}}
}
